#
# There is insufficient memory for the Java Runtime Environment to continue.
# Native memory allocation (mmap) failed to map 305135616 bytes for Failed to commit area from 0x0000000092300000 to 0x00000000a4600000 of length 305135616.
# Possible reasons:
#   The system is out of physical RAM or swap space
#   The process is running with CompressedOops enabled, and the Java Heap may be blocking the growth of the native heap
# Possible solutions:
#   Reduce memory load on the system
#   Increase physical memory or swap space
#   Check if swap backing store is full
#   Decrease Java heap size (-Xmx/-Xms)
#   Decrease number of Java threads
#   Decrease Java thread stack sizes (-Xss)
#   Set larger code cache with -XX:ReservedCodeCacheSize=
#   JVM is running with Unscaled Compressed Oops mode in which the Java heap is
#     placed in the first 4GB address space. The Java Heap base address is the
#     maximum limit for the native heap growth. Please use -XX:HeapBaseMinAddress
#     to set the Java Heap base and to place the Java Heap above 4GB virtual address.
# This output file may be truncated or incomplete.
#
#  Out of Memory Error (./src/hotspot/os/windows/os_windows.cpp:3303), pid=18964, tid=11220
#
# JRE version: OpenJDK Runtime Environment (11.0.8+10) (build 11.0.8+10-b944.6842174)
# Java VM: OpenJDK 64-Bit Server VM (11.0.8+10-b944.6842174, mixed mode, tiered, compressed oops, g1 gc, windows-amd64)
# No core dump will be written. Minidumps are not enabled by default on client versions of Windows
#

---------------  S U M M A R Y ------------

Command Line: --add-opens=java.base/java.util=ALL-UNNAMED --add-opens=java.base/java.lang=ALL-UNNAMED --add-opens=java.base/java.lang.invoke=ALL-UNNAMED --add-opens=java.prefs/java.util.prefs=ALL-UNNAMED -Xmx2048m -Dfile.encoding=UTF-8 -Duser.country=GB -Duser.language=en -Duser.variant org.gradle.launcher.daemon.bootstrap.GradleDaemon 6.7.1

Host: Intel(R) Core(TM) i5-2430M CPU @ 2.40GHz, 4 cores, 7G,  Windows 10 , 64 bit Build 19041 (10.0.19041.1151)
Time: Sun Sep 19 19:16:21 2021 GMT Daylight Time elapsed time: 1388 seconds (0d 0h 23m 8s)

---------------  T H R E A D  ---------------

Current thread (0x0000022bc112d800):  VMThread "VM Thread" [stack: 0x000000db9c300000,0x000000db9c400000] [id=11220]

Stack: [0x000000db9c300000,0x000000db9c400000]
[error occurred during error reporting (printing stack bounds), id 0xc0000005, EXCEPTION_ACCESS_VIOLATION (0xc0000005) at pc=0x0000022bab050dad]

Native frames: (J=compiled Java code, j=interpreted, Vv=VM code, C=native code)
V  [jvm.dll+0x5de50a]
V  [jvm.dll+0x7122f5]
V  [jvm.dll+0x71384d]
V  [jvm.dll+0x713e65]
V  [jvm.dll+0x713e1b]
V  [jvm.dll+0x5dd958]
V  [jvm.dll+0x5de0f8]
C  [ntdll.dll+0xa217f]
C  [ntdll.dll+0x51454]
C  [ntdll.dll+0xa0cae]
C  0x0000022bab050dad

VM_Operation (0x000000db9e9fe5c0): G1CollectForAllocation, mode: safepoint, requested by thread 0x0000022bcc7c8800


---------------  P R O C E S S  ---------------

Threads class SMR info:
_java_thread_list=0x0000022bcc1e19d0, length=59, elements={
0x0000022ba76d2000, 0x0000022bc1134000, 0x0000022bc1142000, 0x0000022bc1ac3000,
0x0000022bc1150000, 0x0000022bc1152800, 0x0000022bc115c800, 0x0000022bc116f000,
0x0000022bc1c07800, 0x0000022bc1c48800, 0x0000022bc2d25000, 0x0000022bc36a0000,
0x0000022bc3599000, 0x0000022bc3480000, 0x0000022bc3481000, 0x0000022bc347e800,
0x0000022bc477a000, 0x0000022bc4774800, 0x0000022bc2aed000, 0x0000022bc2af3000,
0x0000022bc2aee000, 0x0000022bc2aee800, 0x0000022bc2aef800, 0x0000022bc2af3800,
0x0000022bc2af5800, 0x0000022bc2af2000, 0x0000022bc2af6000, 0x0000022bc2af1000,
0x0000022bc2af0800, 0x0000022bc2af7800, 0x0000022bc2afb000, 0x0000022bc2af9800,
0x0000022bc2afc000, 0x0000022bc2af8800, 0x0000022bc5d3e800, 0x0000022bca8c3800,
0x0000022bca8c6800, 0x0000022bca8c4000, 0x0000022bca8c1000, 0x0000022bca8c5000,
0x0000022bca8c7800, 0x0000022bca8c1800, 0x0000022bc9ea5800, 0x0000022bc9ea7800,
0x0000022bc9ea8000, 0x0000022bc9ea6800, 0x0000022bc9ea5000, 0x0000022bc9ea3800,
0x0000022bc9eaa000, 0x0000022bc9ea4000, 0x0000022bcc7c0800, 0x0000022bcc7c5000,
0x0000022bcc7c2000, 0x0000022bcc7c8800, 0x0000022bcc7c3800, 0x0000022bcc7c7000,
0x0000022bcc7c2800, 0x0000022bcc7c9800, 0x0000022bcc7ca000
}

Java Threads: ( => current thread )
  0x0000022ba76d2000 JavaThread "main" [_thread_blocked, id=2572, stack(0x000000db9bd00000,0x000000db9be00000)]
  0x0000022bc1134000 JavaThread "Reference Handler" daemon [_thread_blocked, id=15596, stack(0x000000db9c400000,0x000000db9c500000)]
  0x0000022bc1142000 JavaThread "Finalizer" daemon [_thread_blocked, id=312, stack(0x000000db9c500000,0x000000db9c600000)]
  0x0000022bc1ac3000 JavaThread "Signal Dispatcher" daemon [_thread_blocked, id=9308, stack(0x000000db9c600000,0x000000db9c700000)]
  0x0000022bc1150000 JavaThread "Attach Listener" daemon [_thread_blocked, id=20988, stack(0x000000db9c700000,0x000000db9c800000)]
  0x0000022bc1152800 JavaThread "C2 CompilerThread0" daemon [_thread_blocked, id=20516, stack(0x000000db9c800000,0x000000db9c900000)]
  0x0000022bc115c800 JavaThread "C1 CompilerThread0" daemon [_thread_blocked, id=19200, stack(0x000000db9c900000,0x000000db9ca00000)]
  0x0000022bc116f000 JavaThread "Sweeper thread" daemon [_thread_blocked, id=20088, stack(0x000000db9ca00000,0x000000db9cb00000)]
  0x0000022bc1c07800 JavaThread "Common-Cleaner" daemon [_thread_blocked, id=14164, stack(0x000000db9cb00000,0x000000db9cc00000)]
  0x0000022bc1c48800 JavaThread "Service Thread" daemon [_thread_blocked, id=6960, stack(0x000000db9cc00000,0x000000db9cd00000)]
  0x0000022bc2d25000 JavaThread "Daemon health stats" [_thread_blocked, id=26480, stack(0x000000db9d000000,0x000000db9d100000)]
  0x0000022bc36a0000 JavaThread "Incoming local TCP Connector on port 56116" [_thread_in_native, id=22464, stack(0x000000db9d300000,0x000000db9d400000)]
  0x0000022bc3599000 JavaThread "Daemon periodic checks" [_thread_blocked, id=39544, stack(0x000000db9d400000,0x000000db9d500000)]
  0x0000022bc3480000 JavaThread "Cache worker for file hash cache (C:\Users\Alex\.gradle\caches\6.7.1\fileHashes)" [_thread_blocked, id=38040, stack(0x000000db9dd00000,0x000000db9de00000)]
  0x0000022bc3481000 JavaThread "File lock request listener" [_thread_in_native, id=15112, stack(0x000000db9de00000,0x000000db9df00000)]
  0x0000022bc347e800 JavaThread "Cache worker for journal cache (C:\Users\Alex\.gradle\caches\journal-1)" [_thread_blocked, id=18148, stack(0x000000db9df00000,0x000000db9e000000)]
  0x0000022bc477a000 JavaThread "Cache worker for execution history cache (C:\Users\Alex\.gradle\caches\6.7.1\executionHistory)" [_thread_blocked, id=14744, stack(0x000000db9f800000,0x000000db9f900000)]
  0x0000022bc4774800 JavaThread "Cache worker for file content cache (C:\Users\Alex\.gradle\caches\6.7.1\fileContent)" [_thread_blocked, id=10448, stack(0x000000db9f900000,0x000000db9fa00000)]
  0x0000022bc2aed000 JavaThread "Memory manager" [_thread_blocked, id=11712, stack(0x000000dba5b00000,0x000000dba5c00000)]
  0x0000022bc2af3000 JavaThread "Daemon Thread 6" [_thread_blocked, id=10960, stack(0x000000db9ba00000,0x000000db9bb00000)]
  0x0000022bc2aee000 JavaThread "Handler for socket connection from /127.0.0.1:56116 to /127.0.0.1:61347" [_thread_in_native, id=27980, stack(0x000000db9bb00000,0x000000db9bc00000)]
  0x0000022bc2aee800 JavaThread "Cancel handler" [_thread_blocked, id=32200, stack(0x000000db9bc00000,0x000000db9bd00000)]
  0x0000022bc2aef800 JavaThread "Daemon worker Thread 6" [_thread_blocked, id=34616, stack(0x000000db9d500000,0x000000db9d600000)]
  0x0000022bc2af3800 JavaThread "Asynchronous log dispatcher for DefaultDaemonConnection: socket connection from /127.0.0.1:56116 to /127.0.0.1:61347" [_thread_blocked, id=35796, stack(0x000000db9d600000,0x000000db9d700000)]
  0x0000022bc2af5800 JavaThread "Thread-687" [_thread_blocked, id=34236, stack(0x000000db9d800000,0x000000db9d900000)]
  0x0000022bc2af2000 JavaThread "Cache worker for file hash cache (C:\Users\Alex\ZoneApplication\.gradle\6.7.1\fileHashes)" [_thread_blocked, id=35036, stack(0x000000db9d900000,0x000000db9da00000)]
  0x0000022bc2af6000 JavaThread "Cache worker for checksums cache (C:\Users\Alex\ZoneApplication\.gradle\checksums)" [_thread_blocked, id=32820, stack(0x000000db9da00000,0x000000db9db00000)]
  0x0000022bc2af1000 JavaThread "Cache worker for cache directory md-supplier (C:\Users\Alex\.gradle\caches\6.7.1\md-supplier)" [_thread_blocked, id=18824, stack(0x000000db9db00000,0x000000db9dc00000)]
  0x0000022bc2af0800 JavaThread "Cache worker for cache directory md-rule (C:\Users\Alex\.gradle\caches\6.7.1\md-rule)" [_thread_blocked, id=32844, stack(0x000000db9e000000,0x000000db9e100000)]
  0x0000022bc2af7800 JavaThread "Cache worker for Build Output Cleanup Cache (C:\Users\Alex\ZoneApplication\.gradle\buildOutputCleanup)" [_thread_blocked, id=35436, stack(0x000000db9e100000,0x000000db9e200000)]
  0x0000022bc2afb000 JavaThread "Build operations" [_thread_blocked, id=1072, stack(0x000000db9e200000,0x000000db9e300000)]
  0x0000022bc2af9800 JavaThread "Build operations Thread 2" [_thread_blocked, id=29944, stack(0x000000db9e300000,0x000000db9e400000)]
  0x0000022bc2afc000 JavaThread "Build operations Thread 3" [_thread_blocked, id=35420, stack(0x000000db9e400000,0x000000db9e500000)]
  0x0000022bc2af8800 JavaThread "Build operations Thread 4" [_thread_blocked, id=37788, stack(0x000000db9e500000,0x000000db9e600000)]
  0x0000022bc5d3e800 JavaThread "build event listener" [_thread_blocked, id=36384, stack(0x000000dba5e00000,0x000000dba5f00000)]
  0x0000022bca8c3800 JavaThread "build event listener" [_thread_blocked, id=32108, stack(0x000000dba5f00000,0x000000dba6000000)]
  0x0000022bca8c6800 JavaThread "Execution worker for ':'" [_thread_blocked, id=18192, stack(0x000000dba6000000,0x000000dba6100000)]
  0x0000022bca8c4000 JavaThread "Execution worker for ':' Thread 2" [_thread_blocked, id=36408, stack(0x000000dba6100000,0x000000dba6200000)]
  0x0000022bca8c1000 JavaThread "Execution worker for ':' Thread 3" [_thread_blocked, id=34088, stack(0x000000dba6200000,0x000000dba6300000)]
  0x0000022bca8c5000 JavaThread "Cache worker for execution history cache (C:\Users\Alex\ZoneApplication\.gradle\6.7.1\executionHistory)" [_thread_blocked, id=10480, stack(0x000000dba6300000,0x000000dba6400000)]
  0x0000022bca8c7800 JavaThread "WorkerExecutor Queue" [_thread_blocked, id=36500, stack(0x000000dba6400000,0x000000dba6500000)]
  0x0000022bca8c1800 JavaThread "WorkerExecutor Queue Thread 3" [_thread_blocked, id=24632, stack(0x000000dba6600000,0x000000dba6700000)]
  0x0000022bc9ea5800 JavaThread "Java2D Disposer" daemon [_thread_blocked, id=35452, stack(0x000000dba6c00000,0x000000dba6d00000)]
  0x0000022bc9ea7800 JavaThread "WorkerExecutor Queue Thread 6" [_thread_blocked, id=31008, stack(0x000000dba6500000,0x000000dba6600000)]
  0x0000022bc9ea8000 JavaThread "WorkerExecutor Queue Thread 7" [_thread_blocked, id=9168, stack(0x000000dba6700000,0x000000dba6800000)]
  0x0000022bc9ea6800 JavaThread "RMI Scheduler(0)" daemon [_thread_blocked, id=36736, stack(0x000000dba6800000,0x000000dba6900000)]
  0x0000022bc9ea5000 JavaThread "RMI GC Daemon" daemon [_thread_blocked, id=36664, stack(0x000000dba6e00000,0x000000dba6f00000)]
  0x0000022bc9ea3800 JavaThread "RMI TCP Accept-0" daemon [_thread_in_native, id=17320, stack(0x000000dba6f00000,0x000000dba7000000)]
  0x0000022bc9eaa000 JavaThread "RMI Reaper" [_thread_blocked, id=34960, stack(0x000000dba7000000,0x000000dba7100000)]
  0x0000022bc9ea4000 JavaThread "RMI TCP Connection(idle)" daemon [_thread_blocked, id=15704, stack(0x000000dba7100000,0x000000dba7200000)]
  0x0000022bcc7c0800 JavaThread "Cache worker for Java compile cache (C:\Users\Alex\.gradle\caches\6.7.1\javaCompile)" [_thread_blocked, id=36912, stack(0x000000db9d700000,0x000000db9d800000)]
  0x0000022bcc7c5000 JavaThread "Cache worker for Java compile cache (C:\Users\Alex\ZoneApplication\.gradle\6.7.1\javaCompile)" [_thread_blocked, id=12624, stack(0x000000db9e600000,0x000000db9e700000)]
  0x0000022bcc7c2000 JavaThread "ForkJoinPool-10-worker-3" daemon [_thread_blocked, id=2300, stack(0x000000db9e800000,0x000000db9e900000)]
  0x0000022bcc7c8800 JavaThread "ForkJoinPool-10-worker-5" daemon [_thread_blocked, id=23028, stack(0x000000db9e900000,0x000000db9ea00000)]
  0x0000022bcc7c3800 JavaThread "ForkJoinPool-10-worker-7" daemon [_thread_blocked, id=35184, stack(0x000000db9ea00000,0x000000db9eb00000)]
  0x0000022bcc7c7000 JavaThread "ForkJoinPool-10-worker-1" daemon [_thread_blocked, id=31348, stack(0x000000db9eb00000,0x000000db9ec00000)]
  0x0000022bcc7c2800 JavaThread "pool-19-thread-1" [_thread_blocked, id=24956, stack(0x000000db9ec00000,0x000000db9ed00000)]
  0x0000022bcc7c9800 JavaThread "stderr" [_thread_in_native, id=38084, stack(0x000000db9ed00000,0x000000db9ee00000)]
  0x0000022bcc7ca000 JavaThread "stdout" [_thread_in_native, id=30600, stack(0x000000db9ee00000,0x000000db9ef00000)]

Other Threads:
=>0x0000022bc112d800 VMThread "VM Thread" [stack: 0x000000db9c300000,0x000000db9c400000] [id=11220]
  0x0000022bc1c49000 WatcherThread [stack: 0x000000db9cd00000,0x000000db9ce00000] [id=16628]
  0x0000022ba76ea800 GCTaskThread "GC Thread#0" [stack: 0x000000db9be00000,0x000000db9bf00000] [id=20328]
  0x0000022bc2179000 GCTaskThread "GC Thread#1" [stack: 0x000000db9ce00000,0x000000db9cf00000] [id=35192]
  0x0000022bc217a000 GCTaskThread "GC Thread#2" [stack: 0x000000db9cf00000,0x000000db9d000000] [id=28808]
  0x0000022bc3485800 GCTaskThread "GC Thread#3" [stack: 0x000000db9dc00000,0x000000db9dd00000] [id=21380]
  0x0000022ba771d000 ConcurrentGCThread "G1 Main Marker" [stack: 0x000000db9bf00000,0x000000db9c000000] [id=20048]
  0x0000022ba771e800 ConcurrentGCThread "G1 Conc#0" [stack: 0x000000db9c000000,0x000000db9c100000] [id=16872]
  0x0000022bc0f90800 ConcurrentGCThread "G1 Refine#0" [stack: 0x000000db9c100000,0x000000db9c200000] [id=22716]
  0x0000022bc0f91000 ConcurrentGCThread "G1 Young RemSet Sampling" [stack: 0x000000db9c200000,0x000000db9c300000] [id=18972]

Threads with active compile tasks:
C2 CompilerThread01389914 25314       4       java.util.TimSort::mergeLo (659 bytes)

VM state:at safepoint (normal execution)

VM Mutex/Monitor currently owned by a thread:  ([mutex/lock_event])
[0x0000022ba76c6920] Threads_lock - owner thread: 0x0000022bc112d800
[0x0000022ba76d0530] Heap_lock - owner thread: 0x0000022bcc7c8800

Heap address: 0x0000000080000000, size: 2048 MB, Compressed Oops mode: 32-bit
Narrow klass base: 0x0000000000000000, Narrow klass shift: 3
Compressed class space size: 1073741824 Address: 0x0000000100000000

Heap:
 garbage-first heap   total 595968K, used 230074K [0x0000000080000000, 0x0000000100000000)
  region size 1024K, 3 young (3072K), 3 survivors (3072K)
 Metaspace       used 152089K, capacity 156741K, committed 157084K, reserved 1185792K
  class space    used 18727K, capacity 20341K, committed 20428K, reserved 1048576K
Heap Regions: E=young(eden), S=young(survivor), O=old, HS=humongous(starts), HC=humongous(continues), CS=collection set, F=free, A=archive, TAMS=top-at-mark-start (previous, next)
|   0|0x0000000080000000, 0x0000000080100000, 0x0000000080100000|100%| O|  |TAMS 0x0000000080100000, 0x0000000080000000| Untracked 
|   1|0x0000000080100000, 0x0000000080200000, 0x0000000080200000|100%| O|  |TAMS 0x0000000080200000, 0x0000000080100000| Untracked 
|   2|0x0000000080200000, 0x0000000080300000, 0x0000000080300000|100%| O|  |TAMS 0x0000000080300000, 0x0000000080200000| Untracked 
|   3|0x0000000080300000, 0x0000000080400000, 0x0000000080400000|100%|HS|  |TAMS 0x0000000080400000, 0x0000000080300000| Complete 
|   4|0x0000000080400000, 0x0000000080500000, 0x0000000080500000|100%|HC|  |TAMS 0x0000000080500000, 0x0000000080400000| Complete 
|   5|0x0000000080500000, 0x0000000080600000, 0x0000000080600000|100%|HC|  |TAMS 0x0000000080600000, 0x0000000080500000| Complete 
|   6|0x0000000080600000, 0x0000000080700000, 0x0000000080700000|100%| O|  |TAMS 0x0000000080700000, 0x0000000080600000| Untracked 
|   7|0x0000000080700000, 0x0000000080800000, 0x0000000080800000|100%| O|  |TAMS 0x0000000080800000, 0x0000000080700000| Untracked 
|   8|0x0000000080800000, 0x0000000080900000, 0x0000000080900000|100%| O|  |TAMS 0x0000000080900000, 0x0000000080800000| Untracked 
|   9|0x0000000080900000, 0x0000000080a00000, 0x0000000080a00000|100%| O|  |TAMS 0x0000000080a00000, 0x0000000080900000| Untracked 
|  10|0x0000000080a00000, 0x0000000080b00000, 0x0000000080b00000|100%| O|  |TAMS 0x0000000080b00000, 0x0000000080a00000| Complete 
|  11|0x0000000080b00000, 0x0000000080c00000, 0x0000000080c00000|100%| O|  |TAMS 0x0000000080c00000, 0x0000000080b00000| Untracked 
|  12|0x0000000080c00000, 0x0000000080d00000, 0x0000000080d00000|100%| O|  |TAMS 0x0000000080d00000, 0x0000000080c00000| Untracked 
|  13|0x0000000080d00000, 0x0000000080e00000, 0x0000000080e00000|100%|HS|  |TAMS 0x0000000080e00000, 0x0000000080d00000| Complete 
|  14|0x0000000080e00000, 0x0000000080f00000, 0x0000000080f00000|100%|HC|  |TAMS 0x0000000080f00000, 0x0000000080e00000| Complete 
|  15|0x0000000080f00000, 0x0000000081000000, 0x0000000081000000|100%|HS|  |TAMS 0x0000000081000000, 0x0000000080f00000| Complete 
|  16|0x0000000081000000, 0x0000000081100000, 0x0000000081100000|100%|HC|  |TAMS 0x0000000081100000, 0x0000000081000000| Complete 
|  17|0x0000000081100000, 0x0000000081200000, 0x0000000081200000|100%|HC|  |TAMS 0x0000000081200000, 0x0000000081100000| Complete 
|  18|0x0000000081200000, 0x0000000081300000, 0x0000000081300000|100%| O|  |TAMS 0x0000000081300000, 0x0000000081200000| Untracked 
|  19|0x0000000081300000, 0x0000000081400000, 0x0000000081400000|100%| O|  |TAMS 0x0000000081400000, 0x0000000081300000| Untracked 
|  20|0x0000000081400000, 0x0000000081500000, 0x0000000081500000|100%| O|  |TAMS 0x0000000081500000, 0x0000000081400000| Complete 
|  21|0x0000000081500000, 0x0000000081600000, 0x0000000081600000|100%|HS|  |TAMS 0x0000000081600000, 0x0000000081500000| Complete 
|  22|0x0000000081600000, 0x0000000081700000, 0x0000000081700000|100%|HC|  |TAMS 0x0000000081700000, 0x0000000081600000| Complete 
|  23|0x0000000081700000, 0x0000000081800000, 0x0000000081800000|100%|HC|  |TAMS 0x0000000081800000, 0x0000000081700000| Complete 
|  24|0x0000000081800000, 0x0000000081900000, 0x0000000081900000|100%|HC|  |TAMS 0x0000000081900000, 0x0000000081800000| Complete 
|  25|0x0000000081900000, 0x0000000081a00000, 0x0000000081a00000|100%| O|  |TAMS 0x0000000081a00000, 0x0000000081900000| Complete 
|  26|0x0000000081a00000, 0x0000000081b00000, 0x0000000081b00000|100%| O|  |TAMS 0x0000000081b00000, 0x0000000081a00000| Untracked 
|  27|0x0000000081b00000, 0x0000000081c00000, 0x0000000081c00000|100%| O|  |TAMS 0x0000000081c00000, 0x0000000081b00000| Untracked 
|  28|0x0000000081c00000, 0x0000000081d00000, 0x0000000081d00000|100%| O|  |TAMS 0x0000000081d00000, 0x0000000081c00000| Untracked 
|  29|0x0000000081d00000, 0x0000000081e00000, 0x0000000081e00000|100%|HS|  |TAMS 0x0000000081e00000, 0x0000000081d00000| Complete 
|  30|0x0000000081e00000, 0x0000000081f00000, 0x0000000081f00000|100%|HC|  |TAMS 0x0000000081f00000, 0x0000000081e00000| Complete 
|  31|0x0000000081f00000, 0x0000000082000000, 0x0000000082000000|100%|HC|  |TAMS 0x0000000082000000, 0x0000000081f00000| Complete 
|  32|0x0000000082000000, 0x0000000082100000, 0x0000000082100000|100%|HC|  |TAMS 0x0000000082100000, 0x0000000082000000| Complete 
|  33|0x0000000082100000, 0x0000000082200000, 0x0000000082200000|100%|HS|  |TAMS 0x0000000082200000, 0x0000000082100000| Complete 
|  34|0x0000000082200000, 0x0000000082300000, 0x0000000082300000|100%|HC|  |TAMS 0x0000000082300000, 0x0000000082200000| Complete 
|  35|0x0000000082300000, 0x0000000082400000, 0x0000000082400000|100%|HC|  |TAMS 0x0000000082400000, 0x0000000082300000| Complete 
|  36|0x0000000082400000, 0x0000000082500000, 0x0000000082500000|100%| O|  |TAMS 0x0000000082500000, 0x0000000082400000| Untracked 
|  37|0x0000000082500000, 0x0000000082600000, 0x0000000082600000|100%| O|  |TAMS 0x0000000082600000, 0x0000000082500000| Untracked 
|  38|0x0000000082600000, 0x0000000082700000, 0x0000000082700000|100%| O|  |TAMS 0x0000000082700000, 0x0000000082600000| Untracked 
|  39|0x0000000082700000, 0x0000000082800000, 0x0000000082800000|100%| O|  |TAMS 0x0000000082800000, 0x0000000082700000| Untracked 
|  40|0x0000000082800000, 0x0000000082900000, 0x0000000082900000|100%| O|  |TAMS 0x0000000082900000, 0x0000000082800000| Untracked 
|  41|0x0000000082900000, 0x0000000082a00000, 0x0000000082a00000|100%| O|  |TAMS 0x0000000082a00000, 0x0000000082900000| Untracked 
|  42|0x0000000082a00000, 0x0000000082b00000, 0x0000000082b00000|100%| O|  |TAMS 0x0000000082b00000, 0x0000000082a00000| Untracked 
|  43|0x0000000082b00000, 0x0000000082c00000, 0x0000000082c00000|100%| O|  |TAMS 0x0000000082c00000, 0x0000000082b00000| Untracked 
|  44|0x0000000082c00000, 0x0000000082d00000, 0x0000000082d00000|100%| O|  |TAMS 0x0000000082d00000, 0x0000000082c00000| Complete 
|  45|0x0000000082d00000, 0x0000000082e00000, 0x0000000082e00000|100%| O|  |TAMS 0x0000000082e00000, 0x0000000082d00000| Complete 
|  46|0x0000000082e00000, 0x0000000082f00000, 0x0000000082f00000|100%| O|  |TAMS 0x0000000082f00000, 0x0000000082e00000| Complete 
|  47|0x0000000082f00000, 0x0000000083000000, 0x0000000083000000|100%| O|  |TAMS 0x0000000083000000, 0x0000000082f00000| Untracked 
|  48|0x0000000083000000, 0x0000000083100000, 0x0000000083100000|100%| O|  |TAMS 0x0000000083100000, 0x0000000083000000| Untracked 
|  49|0x0000000083100000, 0x0000000083200000, 0x0000000083200000|100%| O|  |TAMS 0x0000000083200000, 0x0000000083100000| Complete 
|  50|0x0000000083200000, 0x0000000083300000, 0x0000000083300000|100%| O|  |TAMS 0x0000000083300000, 0x0000000083200000| Complete 
|  51|0x0000000083300000, 0x0000000083400000, 0x0000000083400000|100%|HS|  |TAMS 0x0000000083400000, 0x0000000083300000| Complete 
|  52|0x0000000083400000, 0x0000000083500000, 0x0000000083500000|100%|HS|  |TAMS 0x0000000083500000, 0x0000000083400000| Complete 
|  53|0x0000000083500000, 0x0000000083600000, 0x0000000083600000|100%|HC|  |TAMS 0x0000000083600000, 0x0000000083500000| Complete 
|  54|0x0000000083600000, 0x0000000083700000, 0x0000000083700000|100%|HC|  |TAMS 0x0000000083700000, 0x0000000083600000| Complete 
|  55|0x0000000083700000, 0x0000000083800000, 0x0000000083800000|100%|HS|  |TAMS 0x0000000083800000, 0x0000000083700000| Complete 
|  56|0x0000000083800000, 0x0000000083900000, 0x0000000083900000|100%|HC|  |TAMS 0x0000000083900000, 0x0000000083800000| Complete 
|  57|0x0000000083900000, 0x0000000083a00000, 0x0000000083a00000|100%| O|  |TAMS 0x0000000083a00000, 0x0000000083900000| Complete 
|  58|0x0000000083a00000, 0x0000000083b00000, 0x0000000083b00000|100%| O|  |TAMS 0x0000000083b00000, 0x0000000083a00000| Untracked 
|  59|0x0000000083b00000, 0x0000000083c00000, 0x0000000083c00000|100%| O|  |TAMS 0x0000000083c00000, 0x0000000083b00000| Complete 
|  60|0x0000000083c00000, 0x0000000083d00000, 0x0000000083d00000|100%| O|  |TAMS 0x0000000083d00000, 0x0000000083c00000| Untracked 
|  61|0x0000000083d00000, 0x0000000083e00000, 0x0000000083e00000|100%| O|  |TAMS 0x0000000083e00000, 0x0000000083d00000| Untracked 
|  62|0x0000000083e00000, 0x0000000083f00000, 0x0000000083f00000|100%| O|  |TAMS 0x0000000083f00000, 0x0000000083e00000| Untracked 
|  63|0x0000000083f00000, 0x0000000084000000, 0x0000000084000000|100%| O|  |TAMS 0x0000000084000000, 0x0000000083f00000| Untracked 
|  64|0x0000000084000000, 0x0000000084100000, 0x0000000084100000|100%| O|  |TAMS 0x0000000084100000, 0x0000000084000000| Untracked 
|  65|0x0000000084100000, 0x0000000084200000, 0x0000000084200000|100%| O|  |TAMS 0x0000000084200000, 0x0000000084100000| Untracked 
|  66|0x0000000084200000, 0x0000000084300000, 0x0000000084300000|100%| O|  |TAMS 0x0000000084300000, 0x0000000084200000| Untracked 
|  67|0x0000000084300000, 0x0000000084400000, 0x0000000084400000|100%| O|  |TAMS 0x0000000084400000, 0x0000000084300000| Complete 
|  68|0x0000000084400000, 0x0000000084500000, 0x0000000084500000|100%| O|  |TAMS 0x0000000084500000, 0x0000000084400000| Untracked 
|  69|0x0000000084500000, 0x0000000084600000, 0x0000000084600000|100%| O|  |TAMS 0x0000000084600000, 0x0000000084500000| Untracked 
|  70|0x0000000084600000, 0x0000000084700000, 0x0000000084700000|100%| O|  |TAMS 0x0000000084700000, 0x0000000084600000| Untracked 
|  71|0x0000000084700000, 0x0000000084800000, 0x0000000084800000|100%| O|  |TAMS 0x0000000084800000, 0x0000000084700000| Untracked 
|  72|0x0000000084800000, 0x0000000084900000, 0x0000000084900000|100%| O|  |TAMS 0x0000000084900000, 0x0000000084800000| Untracked 
|  73|0x0000000084900000, 0x0000000084a00000, 0x0000000084a00000|100%| O|  |TAMS 0x0000000084a00000, 0x0000000084900000| Complete 
|  74|0x0000000084a00000, 0x0000000084b00000, 0x0000000084b00000|100%| O|  |TAMS 0x0000000084b00000, 0x0000000084a00000| Complete 
|  75|0x0000000084b00000, 0x0000000084c00000, 0x0000000084c00000|100%| O|  |TAMS 0x0000000084c00000, 0x0000000084b00000| Untracked 
|  76|0x0000000084c00000, 0x0000000084d00000, 0x0000000084d00000|100%| O|  |TAMS 0x0000000084d00000, 0x0000000084c00000| Untracked 
|  77|0x0000000084d00000, 0x0000000084e00000, 0x0000000084e00000|100%| O|  |TAMS 0x0000000084e00000, 0x0000000084d00000| Untracked 
|  78|0x0000000084e00000, 0x0000000084f00000, 0x0000000084f00000|100%| O|  |TAMS 0x0000000084f00000, 0x0000000084e00000| Complete 
|  79|0x0000000084f00000, 0x0000000085000000, 0x0000000085000000|100%| O|  |TAMS 0x0000000085000000, 0x0000000084f00000| Untracked 
|  80|0x0000000085000000, 0x0000000085100000, 0x0000000085100000|100%| O|  |TAMS 0x0000000085100000, 0x0000000085000000| Complete 
|  81|0x0000000085100000, 0x0000000085200000, 0x0000000085200000|100%| O|  |TAMS 0x0000000085200000, 0x0000000085100000| Untracked 
|  82|0x0000000085200000, 0x0000000085300000, 0x0000000085300000|100%| O|  |TAMS 0x0000000085300000, 0x0000000085200000| Complete 
|  83|0x0000000085300000, 0x0000000085400000, 0x0000000085400000|100%| O|  |TAMS 0x0000000085400000, 0x0000000085300000| Complete 
|  84|0x0000000085400000, 0x0000000085500000, 0x0000000085500000|100%| O|  |TAMS 0x0000000085500000, 0x0000000085400000| Untracked 
|  85|0x0000000085500000, 0x0000000085600000, 0x0000000085600000|100%| O|  |TAMS 0x0000000085600000, 0x0000000085500000| Untracked 
|  86|0x0000000085600000, 0x0000000085700000, 0x0000000085700000|100%| O|  |TAMS 0x0000000085700000, 0x0000000085600000| Complete 
|  87|0x0000000085700000, 0x0000000085800000, 0x0000000085800000|100%| O|  |TAMS 0x0000000085800000, 0x0000000085700000| Untracked 
|  88|0x0000000085800000, 0x0000000085900000, 0x0000000085900000|100%| O|  |TAMS 0x0000000085900000, 0x0000000085800000| Complete 
|  89|0x0000000085900000, 0x0000000085a00000, 0x0000000085a00000|100%| O|  |TAMS 0x0000000085a00000, 0x0000000085900000| Complete 
|  90|0x0000000085a00000, 0x0000000085b00000, 0x0000000085b00000|100%| O|  |TAMS 0x0000000085b00000, 0x0000000085a00000| Complete 
|  91|0x0000000085b00000, 0x0000000085c00000, 0x0000000085c00000|100%| O|  |TAMS 0x0000000085c00000, 0x0000000085b00000| Untracked 
|  92|0x0000000085c00000, 0x0000000085d00000, 0x0000000085d00000|100%| O|  |TAMS 0x0000000085d00000, 0x0000000085c00000| Complete 
|  93|0x0000000085d00000, 0x0000000085e00000, 0x0000000085e00000|100%| O|  |TAMS 0x0000000085e00000, 0x0000000085d00000| Untracked 
|  94|0x0000000085e00000, 0x0000000085f00000, 0x0000000085f00000|100%| O|  |TAMS 0x0000000085f00000, 0x0000000085e00000| Untracked 
|  95|0x0000000085f00000, 0x0000000086000000, 0x0000000086000000|100%| O|  |TAMS 0x0000000086000000, 0x0000000085f00000| Untracked 
|  96|0x0000000086000000, 0x0000000086100000, 0x0000000086100000|100%| O|  |TAMS 0x0000000086100000, 0x0000000086000000| Untracked 
|  97|0x0000000086100000, 0x0000000086200000, 0x0000000086200000|100%| O|  |TAMS 0x0000000086200000, 0x0000000086100000| Complete 
|  98|0x0000000086200000, 0x0000000086300000, 0x0000000086300000|100%| O|  |TAMS 0x0000000086300000, 0x0000000086200000| Complete 
|  99|0x0000000086300000, 0x0000000086400000, 0x0000000086400000|100%| O|  |TAMS 0x0000000086400000, 0x0000000086300000| Complete 
| 100|0x0000000086400000, 0x0000000086500000, 0x0000000086500000|100%| O|  |TAMS 0x0000000086500000, 0x0000000086400000| Complete 
| 101|0x0000000086500000, 0x0000000086600000, 0x0000000086600000|100%| O|  |TAMS 0x0000000086600000, 0x0000000086500000| Untracked 
| 102|0x0000000086600000, 0x0000000086700000, 0x0000000086700000|100%| O|  |TAMS 0x0000000086700000, 0x0000000086600000| Untracked 
| 103|0x0000000086700000, 0x0000000086800000, 0x0000000086800000|100%| O|  |TAMS 0x0000000086800000, 0x0000000086700000| Untracked 
| 104|0x0000000086800000, 0x0000000086900000, 0x0000000086900000|100%| O|  |TAMS 0x0000000086900000, 0x0000000086800000| Complete 
| 105|0x0000000086900000, 0x0000000086a00000, 0x0000000086a00000|100%| O|  |TAMS 0x0000000086a00000, 0x0000000086900000| Complete 
| 106|0x0000000086a00000, 0x0000000086b00000, 0x0000000086b00000|100%| O|  |TAMS 0x0000000086b00000, 0x0000000086a00000| Untracked 
| 107|0x0000000086b00000, 0x0000000086c00000, 0x0000000086c00000|100%| O|  |TAMS 0x0000000086c00000, 0x0000000086b00000| Untracked 
| 108|0x0000000086c00000, 0x0000000086d00000, 0x0000000086d00000|100%| O|  |TAMS 0x0000000086d00000, 0x0000000086c00000| Untracked 
| 109|0x0000000086d00000, 0x0000000086e00000, 0x0000000086e00000|100%| O|  |TAMS 0x0000000086e00000, 0x0000000086d00000| Untracked 
| 110|0x0000000086e00000, 0x0000000086f00000, 0x0000000086f00000|100%| O|  |TAMS 0x0000000086f00000, 0x0000000086e00000| Untracked 
| 111|0x0000000086f00000, 0x0000000087000000, 0x0000000087000000|100%| O|  |TAMS 0x0000000087000000, 0x0000000086f00000| Untracked 
| 112|0x0000000087000000, 0x0000000087100000, 0x0000000087100000|100%| O|  |TAMS 0x0000000087100000, 0x0000000087000000| Complete 
| 113|0x0000000087100000, 0x0000000087200000, 0x0000000087200000|100%| O|  |TAMS 0x0000000087200000, 0x0000000087100000| Complete 
| 114|0x0000000087200000, 0x0000000087300000, 0x0000000087300000|100%| O|  |TAMS 0x0000000087300000, 0x0000000087200000| Untracked 
| 115|0x0000000087300000, 0x0000000087400000, 0x0000000087400000|100%| O|  |TAMS 0x0000000087400000, 0x0000000087300000| Untracked 
| 116|0x0000000087400000, 0x0000000087500000, 0x0000000087500000|100%| O|  |TAMS 0x0000000087500000, 0x0000000087400000| Untracked 
| 117|0x0000000087500000, 0x0000000087600000, 0x0000000087600000|100%| O|  |TAMS 0x0000000087600000, 0x0000000087500000| Complete 
| 118|0x0000000087600000, 0x0000000087700000, 0x0000000087700000|100%| O|  |TAMS 0x0000000087700000, 0x0000000087600000| Untracked 
| 119|0x0000000087700000, 0x0000000087800000, 0x0000000087800000|100%| O|  |TAMS 0x0000000087800000, 0x0000000087700000| Untracked 
| 120|0x0000000087800000, 0x0000000087900000, 0x0000000087900000|100%| O|  |TAMS 0x0000000087900000, 0x0000000087800000| Untracked 
| 121|0x0000000087900000, 0x0000000087a00000, 0x0000000087a00000|100%| O|  |TAMS 0x0000000087a00000, 0x0000000087900000| Untracked 
| 122|0x0000000087a00000, 0x0000000087b00000, 0x0000000087b00000|100%| O|  |TAMS 0x0000000087b00000, 0x0000000087a00000| Untracked 
| 123|0x0000000087b00000, 0x0000000087c00000, 0x0000000087c00000|100%| O|  |TAMS 0x0000000087c00000, 0x0000000087b00000| Complete 
| 124|0x0000000087c00000, 0x0000000087d00000, 0x0000000087d00000|100%| O|  |TAMS 0x0000000087d00000, 0x0000000087c00000| Untracked 
| 125|0x0000000087d00000, 0x0000000087e00000, 0x0000000087e00000|100%|HS|  |TAMS 0x0000000087e00000, 0x0000000087d00000| Complete 
| 126|0x0000000087e00000, 0x0000000087f00000, 0x0000000087f00000|100%|HC|  |TAMS 0x0000000087f00000, 0x0000000087e00000| Complete 
| 127|0x0000000087f00000, 0x0000000088000000, 0x0000000088000000|100%| O|  |TAMS 0x0000000088000000, 0x0000000087f00000| Complete 
| 128|0x0000000088000000, 0x0000000088100000, 0x0000000088100000|100%| O|  |TAMS 0x0000000088100000, 0x0000000088000000| Untracked 
| 129|0x0000000088100000, 0x0000000088200000, 0x0000000088200000|100%| O|  |TAMS 0x0000000088200000, 0x0000000088100000| Complete 
| 130|0x0000000088200000, 0x0000000088300000, 0x0000000088300000|100%| O|  |TAMS 0x0000000088300000, 0x0000000088200000| Complete 
| 131|0x0000000088300000, 0x0000000088400000, 0x0000000088400000|100%| O|  |TAMS 0x0000000088400000, 0x0000000088300000| Untracked 
| 132|0x0000000088400000, 0x0000000088500000, 0x0000000088500000|100%| O|  |TAMS 0x0000000088500000, 0x0000000088400000| Untracked 
| 133|0x0000000088500000, 0x0000000088600000, 0x0000000088600000|100%| O|  |TAMS 0x0000000088600000, 0x0000000088500000| Untracked 
| 134|0x0000000088600000, 0x0000000088700000, 0x0000000088700000|100%| O|  |TAMS 0x0000000088700000, 0x0000000088600000| Untracked 
| 135|0x0000000088700000, 0x0000000088800000, 0x0000000088800000|100%| O|  |TAMS 0x0000000088800000, 0x0000000088700000| Untracked 
| 136|0x0000000088800000, 0x0000000088900000, 0x0000000088900000|100%|HS|  |TAMS 0x0000000088900000, 0x0000000088800000| Complete 
| 137|0x0000000088900000, 0x0000000088a00000, 0x0000000088a00000|100%|HC|  |TAMS 0x0000000088a00000, 0x0000000088900000| Complete 
| 138|0x0000000088a00000, 0x0000000088b00000, 0x0000000088b00000|100%|HC|  |TAMS 0x0000000088b00000, 0x0000000088a00000| Complete 
| 139|0x0000000088b00000, 0x0000000088c00000, 0x0000000088c00000|100%|HS|  |TAMS 0x0000000088c00000, 0x0000000088b00000| Complete 
| 140|0x0000000088c00000, 0x0000000088d00000, 0x0000000088d00000|100%|HS|  |TAMS 0x0000000088d00000, 0x0000000088c00000| Complete 
| 141|0x0000000088d00000, 0x0000000088e00000, 0x0000000088e00000|100%| O|  |TAMS 0x0000000088e00000, 0x0000000088d00000| Untracked 
| 142|0x0000000088e00000, 0x0000000088f00000, 0x0000000088f00000|100%|HS|  |TAMS 0x0000000088f00000, 0x0000000088e00000| Complete 
| 143|0x0000000088f00000, 0x0000000089000000, 0x0000000089000000|100%| O|  |TAMS 0x0000000089000000, 0x0000000088f00000| Untracked 
| 144|0x0000000089000000, 0x0000000089100000, 0x0000000089100000|100%| O|  |TAMS 0x0000000089100000, 0x0000000089000000| Untracked 
| 145|0x0000000089100000, 0x0000000089200000, 0x0000000089200000|100%| O|  |TAMS 0x0000000089200000, 0x0000000089100000| Untracked 
| 146|0x0000000089200000, 0x0000000089300000, 0x0000000089300000|100%| O|  |TAMS 0x0000000089300000, 0x0000000089200000| Untracked 
| 147|0x0000000089300000, 0x0000000089400000, 0x0000000089400000|100%| O|  |TAMS 0x0000000089400000, 0x0000000089300000| Complete 
| 148|0x0000000089400000, 0x0000000089500000, 0x0000000089500000|100%| O|  |TAMS 0x0000000089500000, 0x0000000089400000| Untracked 
| 149|0x0000000089500000, 0x0000000089600000, 0x0000000089600000|100%| O|  |TAMS 0x0000000089600000, 0x0000000089500000| Complete 
| 150|0x0000000089600000, 0x0000000089700000, 0x0000000089700000|100%| O|  |TAMS 0x0000000089700000, 0x0000000089600000| Complete 
| 151|0x0000000089700000, 0x0000000089800000, 0x0000000089800000|100%|HS|  |TAMS 0x0000000089700000, 0x0000000089700000| Complete 
| 152|0x0000000089800000, 0x0000000089900000, 0x0000000089900000|100%|HS|  |TAMS 0x0000000089800000, 0x0000000089800000| Complete 
| 153|0x0000000089900000, 0x0000000089a00000, 0x0000000089a00000|100%| O|  |TAMS 0x0000000089900000, 0x0000000089900000| Untracked 
| 154|0x0000000089a00000, 0x0000000089b00000, 0x0000000089b00000|100%| O|  |TAMS 0x0000000089b00000, 0x0000000089a00000| Complete 
| 155|0x0000000089b00000, 0x0000000089c00000, 0x0000000089c00000|100%| O|  |TAMS 0x0000000089c00000, 0x0000000089b00000| Complete 
| 156|0x0000000089c00000, 0x0000000089d00000, 0x0000000089d00000|100%| O|  |TAMS 0x0000000089c00000, 0x0000000089c00000| Untracked 
| 157|0x0000000089d00000, 0x0000000089e00000, 0x0000000089e00000|100%|HS|  |TAMS 0x0000000089d00000, 0x0000000089d00000| Complete 
| 158|0x0000000089e00000, 0x0000000089f00000, 0x0000000089f00000|100%| O|  |TAMS 0x0000000089f00000, 0x0000000089e00000| Complete 
| 159|0x0000000089f00000, 0x000000008a000000, 0x000000008a000000|100%| O|  |TAMS 0x0000000089f00000, 0x0000000089f00000| Untracked 
| 160|0x000000008a000000, 0x000000008a100000, 0x000000008a100000|100%| O|  |TAMS 0x000000008a100000, 0x000000008a000000| Complete 
| 161|0x000000008a100000, 0x000000008a1aea00, 0x000000008a200000| 68%| O|  |TAMS 0x000000008a100000, 0x000000008a100000| Untracked 
| 162|0x000000008a200000, 0x000000008a300000, 0x000000008a300000|100%| O|  |TAMS 0x000000008a300000, 0x000000008a200000| Untracked 
| 163|0x000000008a300000, 0x000000008a300000, 0x000000008a400000|  0%| F|  |TAMS 0x000000008a300000, 0x000000008a300000| Untracked 
| 164|0x000000008a400000, 0x000000008a500000, 0x000000008a500000|100%| O|  |TAMS 0x000000008a500000, 0x000000008a400000| Complete 
| 165|0x000000008a500000, 0x000000008a600000, 0x000000008a600000|100%| O|  |TAMS 0x000000008a600000, 0x000000008a500000| Complete 
| 166|0x000000008a600000, 0x000000008a700000, 0x000000008a700000|100%| O|  |TAMS 0x000000008a700000, 0x000000008a600000| Complete 
| 167|0x000000008a700000, 0x000000008a800000, 0x000000008a800000|100%| O|  |TAMS 0x000000008a800000, 0x000000008a700000| Untracked 
| 168|0x000000008a800000, 0x000000008a900000, 0x000000008a900000|100%| O|  |TAMS 0x000000008a900000, 0x000000008a800000| Untracked 
| 169|0x000000008a900000, 0x000000008aa00000, 0x000000008aa00000|100%| O|  |TAMS 0x000000008aa00000, 0x000000008a900000| Complete 
| 170|0x000000008aa00000, 0x000000008ab00000, 0x000000008ab00000|100%|HS|  |TAMS 0x000000008ab00000, 0x000000008aa00000| Complete 
| 171|0x000000008ab00000, 0x000000008ac00000, 0x000000008ac00000|100%| O|  |TAMS 0x000000008ac00000, 0x000000008ab00000| Untracked 
| 172|0x000000008ac00000, 0x000000008ad00000, 0x000000008ad00000|100%| O|  |TAMS 0x000000008ad00000, 0x000000008ac00000| Complete 
| 173|0x000000008ad00000, 0x000000008ae00000, 0x000000008ae00000|100%| O|  |TAMS 0x000000008ae00000, 0x000000008ad00000| Untracked 
| 174|0x000000008ae00000, 0x000000008af00000, 0x000000008af00000|100%| O|  |TAMS 0x000000008af00000, 0x000000008ae00000| Complete 
| 175|0x000000008af00000, 0x000000008b000000, 0x000000008b000000|100%| O|  |TAMS 0x000000008b000000, 0x000000008af00000| Untracked 
| 176|0x000000008b000000, 0x000000008b100000, 0x000000008b100000|100%| O|  |TAMS 0x000000008b100000, 0x000000008b000000| Untracked 
| 177|0x000000008b100000, 0x000000008b200000, 0x000000008b200000|100%| O|  |TAMS 0x000000008b200000, 0x000000008b100000| Untracked 
| 178|0x000000008b200000, 0x000000008b300000, 0x000000008b300000|100%| O|  |TAMS 0x000000008b300000, 0x000000008b200000| Untracked 
| 179|0x000000008b300000, 0x000000008b400000, 0x000000008b400000|100%| O|  |TAMS 0x000000008b400000, 0x000000008b300000| Untracked 
| 180|0x000000008b400000, 0x000000008b500000, 0x000000008b500000|100%| O|  |TAMS 0x000000008b500000, 0x000000008b400000| Untracked 
| 181|0x000000008b500000, 0x000000008b600000, 0x000000008b600000|100%| O|  |TAMS 0x000000008b600000, 0x000000008b500000| Complete 
| 182|0x000000008b600000, 0x000000008b700000, 0x000000008b700000|100%| O|  |TAMS 0x000000008b700000, 0x000000008b600000| Untracked 
| 183|0x000000008b700000, 0x000000008b800000, 0x000000008b800000|100%| O|  |TAMS 0x000000008b800000, 0x000000008b700000| Untracked 
| 184|0x000000008b800000, 0x000000008b900000, 0x000000008b900000|100%| O|  |TAMS 0x000000008b900000, 0x000000008b800000| Complete 
| 185|0x000000008b900000, 0x000000008ba00000, 0x000000008ba00000|100%| O|  |TAMS 0x000000008ba00000, 0x000000008b900000| Complete 
| 186|0x000000008ba00000, 0x000000008bb00000, 0x000000008bb00000|100%| O|  |TAMS 0x000000008bb00000, 0x000000008ba00000| Untracked 
| 187|0x000000008bb00000, 0x000000008bc00000, 0x000000008bc00000|100%| O|  |TAMS 0x000000008bc00000, 0x000000008bb00000| Complete 
| 188|0x000000008bc00000, 0x000000008bd00000, 0x000000008bd00000|100%| O|  |TAMS 0x000000008bd00000, 0x000000008bc00000| Complete 
| 189|0x000000008bd00000, 0x000000008be00000, 0x000000008be00000|100%| O|  |TAMS 0x000000008be00000, 0x000000008bd00000| Untracked 
| 190|0x000000008be00000, 0x000000008bf00000, 0x000000008bf00000|100%| O|  |TAMS 0x000000008bf00000, 0x000000008be00000| Untracked 
| 191|0x000000008bf00000, 0x000000008c000000, 0x000000008c000000|100%| O|  |TAMS 0x000000008c000000, 0x000000008bf00000| Untracked 
| 192|0x000000008c000000, 0x000000008c100000, 0x000000008c100000|100%| O|  |TAMS 0x000000008c100000, 0x000000008c000000| Complete 
| 193|0x000000008c100000, 0x000000008c200000, 0x000000008c200000|100%| O|  |TAMS 0x000000008c200000, 0x000000008c100000| Untracked 
| 194|0x000000008c200000, 0x000000008c300000, 0x000000008c300000|100%| O|  |TAMS 0x000000008c300000, 0x000000008c200000| Untracked 
| 195|0x000000008c300000, 0x000000008c400000, 0x000000008c400000|100%| O|  |TAMS 0x000000008c400000, 0x000000008c300000| Complete 
| 196|0x000000008c400000, 0x000000008c500000, 0x000000008c500000|100%| O|  |TAMS 0x000000008c500000, 0x000000008c400000| Complete 
| 197|0x000000008c500000, 0x000000008c600000, 0x000000008c600000|100%| O|  |TAMS 0x000000008c600000, 0x000000008c500000| Untracked 
| 198|0x000000008c600000, 0x000000008c700000, 0x000000008c700000|100%| O|  |TAMS 0x000000008c700000, 0x000000008c600000| Untracked 
| 199|0x000000008c700000, 0x000000008c800000, 0x000000008c800000|100%| O|  |TAMS 0x000000008c800000, 0x000000008c700000| Complete 
| 200|0x000000008c800000, 0x000000008c900000, 0x000000008c900000|100%| O|  |TAMS 0x000000008c900000, 0x000000008c800000| Complete 
| 201|0x000000008c900000, 0x000000008ca00000, 0x000000008ca00000|100%| O|  |TAMS 0x000000008ca00000, 0x000000008c900000| Complete 
| 202|0x000000008ca00000, 0x000000008cb00000, 0x000000008cb00000|100%| O|  |TAMS 0x000000008cb00000, 0x000000008ca00000| Untracked 
| 203|0x000000008cb00000, 0x000000008cc00000, 0x000000008cc00000|100%| O|  |TAMS 0x000000008cc00000, 0x000000008cb00000| Complete 
| 204|0x000000008cc00000, 0x000000008cd00000, 0x000000008cd00000|100%| O|  |TAMS 0x000000008cd00000, 0x000000008cc00000| Untracked 
| 205|0x000000008cd00000, 0x000000008ce00000, 0x000000008ce00000|100%| O|  |TAMS 0x000000008ce00000, 0x000000008cd00000| Complete 
| 206|0x000000008ce00000, 0x000000008cf00000, 0x000000008cf00000|100%| O|  |TAMS 0x000000008cf00000, 0x000000008ce00000| Untracked 
| 207|0x000000008cf00000, 0x000000008d000000, 0x000000008d000000|100%| O|  |TAMS 0x000000008d000000, 0x000000008cf00000| Complete 
| 208|0x000000008d000000, 0x000000008d100000, 0x000000008d100000|100%| O|  |TAMS 0x000000008d100000, 0x000000008d000000| Complete 
| 209|0x000000008d100000, 0x000000008d200000, 0x000000008d200000|100%| O|  |TAMS 0x000000008d200000, 0x000000008d100000| Untracked 
| 210|0x000000008d200000, 0x000000008d300000, 0x000000008d300000|100%| O|  |TAMS 0x000000008d300000, 0x000000008d200000| Complete 
| 211|0x000000008d300000, 0x000000008d400000, 0x000000008d400000|100%| O|  |TAMS 0x000000008d400000, 0x000000008d300000| Complete 
| 212|0x000000008d400000, 0x000000008d500000, 0x000000008d500000|100%| O|  |TAMS 0x000000008d500000, 0x000000008d400000| Untracked 
| 213|0x000000008d500000, 0x000000008d600000, 0x000000008d600000|100%| O|  |TAMS 0x000000008d600000, 0x000000008d500000| Untracked 
| 214|0x000000008d600000, 0x000000008d700000, 0x000000008d700000|100%| O|  |TAMS 0x000000008d700000, 0x000000008d600000| Complete 
| 215|0x000000008d700000, 0x000000008d800000, 0x000000008d800000|100%| O|  |TAMS 0x000000008d700000, 0x000000008d700000| Untracked 
| 216|0x000000008d800000, 0x000000008d900000, 0x000000008d900000|100%| O|  |TAMS 0x000000008d800000, 0x000000008d800000| Untracked 
| 217|0x000000008d900000, 0x000000008da00000, 0x000000008da00000|100%| O|  |TAMS 0x000000008d900000, 0x000000008d900000| Untracked 
| 218|0x000000008da00000, 0x000000008db00000, 0x000000008db00000|100%| O|  |TAMS 0x000000008da00000, 0x000000008da00000| Untracked 
| 219|0x000000008db00000, 0x000000008dc00000, 0x000000008dc00000|100%|HS|  |TAMS 0x000000008db00000, 0x000000008db00000| Complete 
| 220|0x000000008dc00000, 0x000000008dd00000, 0x000000008dd00000|100%|HC|  |TAMS 0x000000008dc00000, 0x000000008dc00000| Complete 
| 221|0x000000008dd00000, 0x000000008de00000, 0x000000008de00000|100%|HS|  |TAMS 0x000000008dd00000, 0x000000008dd00000| Complete 
| 222|0x000000008de00000, 0x000000008df00000, 0x000000008df00000|100%|HC|  |TAMS 0x000000008de00000, 0x000000008de00000| Complete 
| 223|0x000000008df00000, 0x000000008df00000, 0x000000008e000000|  0%| F|  |TAMS 0x000000008df00000, 0x000000008df00000| Untracked 
| 224|0x000000008e000000, 0x000000008e000000, 0x000000008e100000|  0%| F|  |TAMS 0x000000008e000000, 0x000000008e000000| Untracked 
| 225|0x000000008e100000, 0x000000008e100000, 0x000000008e200000|  0%| F|  |TAMS 0x000000008e100000, 0x000000008e100000| Untracked 
| 226|0x000000008e200000, 0x000000008e200000, 0x000000008e300000|  0%| F|  |TAMS 0x000000008e200000, 0x000000008e200000| Untracked 
| 227|0x000000008e300000, 0x000000008e300000, 0x000000008e400000|  0%| F|  |TAMS 0x000000008e300000, 0x000000008e300000| Untracked 
| 228|0x000000008e400000, 0x000000008e400000, 0x000000008e500000|  0%| F|  |TAMS 0x000000008e400000, 0x000000008e400000| Untracked 
| 229|0x000000008e500000, 0x000000008e500000, 0x000000008e600000|  0%| F|  |TAMS 0x000000008e500000, 0x000000008e500000| Untracked 
| 230|0x000000008e600000, 0x000000008e600000, 0x000000008e700000|  0%| F|  |TAMS 0x000000008e600000, 0x000000008e600000| Untracked 
| 231|0x000000008e700000, 0x000000008e700000, 0x000000008e800000|  0%| F|  |TAMS 0x000000008e700000, 0x000000008e700000| Untracked 
| 232|0x000000008e800000, 0x000000008e800000, 0x000000008e900000|  0%| F|  |TAMS 0x000000008e800000, 0x000000008e800000| Untracked 
| 233|0x000000008e900000, 0x000000008e900000, 0x000000008ea00000|  0%| F|  |TAMS 0x000000008e900000, 0x000000008e900000| Untracked 
| 234|0x000000008ea00000, 0x000000008ea00000, 0x000000008eb00000|  0%| F|  |TAMS 0x000000008ea00000, 0x000000008ea00000| Untracked 
| 235|0x000000008eb00000, 0x000000008eb00000, 0x000000008ec00000|  0%| F|  |TAMS 0x000000008eb00000, 0x000000008eb00000| Untracked 
| 236|0x000000008ec00000, 0x000000008ec00000, 0x000000008ed00000|  0%| F|  |TAMS 0x000000008ec00000, 0x000000008ec00000| Untracked 
| 237|0x000000008ed00000, 0x000000008ed00000, 0x000000008ee00000|  0%| F|  |TAMS 0x000000008ed00000, 0x000000008ed00000| Untracked 
| 238|0x000000008ee00000, 0x000000008ee00000, 0x000000008ef00000|  0%| F|  |TAMS 0x000000008ee00000, 0x000000008ee00000| Untracked 
| 239|0x000000008ef00000, 0x000000008ef00000, 0x000000008f000000|  0%| F|  |TAMS 0x000000008ef00000, 0x000000008ef00000| Untracked 
| 240|0x000000008f000000, 0x000000008f000000, 0x000000008f100000|  0%| F|  |TAMS 0x000000008f000000, 0x000000008f000000| Untracked 
| 241|0x000000008f100000, 0x000000008f100000, 0x000000008f200000|  0%| F|  |TAMS 0x000000008f100000, 0x000000008f100000| Untracked 
| 242|0x000000008f200000, 0x000000008f200000, 0x000000008f300000|  0%| F|  |TAMS 0x000000008f200000, 0x000000008f200000| Untracked 
| 243|0x000000008f300000, 0x000000008f300000, 0x000000008f400000|  0%| F|  |TAMS 0x000000008f300000, 0x000000008f300000| Untracked 
| 244|0x000000008f400000, 0x000000008f400000, 0x000000008f500000|  0%| F|  |TAMS 0x000000008f400000, 0x000000008f400000| Untracked 
| 245|0x000000008f500000, 0x000000008f500000, 0x000000008f600000|  0%| F|  |TAMS 0x000000008f500000, 0x000000008f500000| Untracked 
| 246|0x000000008f600000, 0x000000008f600000, 0x000000008f700000|  0%| F|  |TAMS 0x000000008f600000, 0x000000008f600000| Untracked 
| 247|0x000000008f700000, 0x000000008f700000, 0x000000008f800000|  0%| F|  |TAMS 0x000000008f700000, 0x000000008f700000| Untracked 
| 248|0x000000008f800000, 0x000000008f800000, 0x000000008f900000|  0%| F|  |TAMS 0x000000008f800000, 0x000000008f800000| Untracked 
| 249|0x000000008f900000, 0x000000008f900000, 0x000000008fa00000|  0%| F|  |TAMS 0x000000008f900000, 0x000000008f900000| Untracked 
| 250|0x000000008fa00000, 0x000000008fa00000, 0x000000008fb00000|  0%| F|  |TAMS 0x000000008fa00000, 0x000000008fa00000| Untracked 
| 251|0x000000008fb00000, 0x000000008fb00000, 0x000000008fc00000|  0%| F|  |TAMS 0x000000008fb00000, 0x000000008fb00000| Untracked 
| 252|0x000000008fc00000, 0x000000008fc00000, 0x000000008fd00000|  0%| F|  |TAMS 0x000000008fc00000, 0x000000008fc00000| Untracked 
| 253|0x000000008fd00000, 0x000000008fd00000, 0x000000008fe00000|  0%| F|  |TAMS 0x000000008fd00000, 0x000000008fd00000| Untracked 
| 254|0x000000008fe00000, 0x000000008fe00000, 0x000000008ff00000|  0%| F|  |TAMS 0x000000008fe00000, 0x000000008fe00000| Untracked 
| 255|0x000000008ff00000, 0x000000008ff00000, 0x0000000090000000|  0%| F|  |TAMS 0x000000008ff00000, 0x000000008ff00000| Untracked 
| 256|0x0000000090000000, 0x0000000090000000, 0x0000000090100000|  0%| F|  |TAMS 0x0000000090000000, 0x0000000090000000| Untracked 
| 257|0x0000000090100000, 0x0000000090100000, 0x0000000090200000|  0%| F|  |TAMS 0x0000000090100000, 0x0000000090100000| Untracked 
| 258|0x0000000090200000, 0x0000000090200000, 0x0000000090300000|  0%| F|  |TAMS 0x0000000090200000, 0x0000000090200000| Untracked 
| 259|0x0000000090300000, 0x0000000090300000, 0x0000000090400000|  0%| F|  |TAMS 0x0000000090300000, 0x0000000090300000| Untracked 
| 260|0x0000000090400000, 0x0000000090400000, 0x0000000090500000|  0%| F|  |TAMS 0x0000000090400000, 0x0000000090400000| Untracked 
| 261|0x0000000090500000, 0x0000000090500000, 0x0000000090600000|  0%| F|  |TAMS 0x0000000090500000, 0x0000000090500000| Untracked 
| 262|0x0000000090600000, 0x0000000090600000, 0x0000000090700000|  0%| F|  |TAMS 0x0000000090600000, 0x0000000090600000| Untracked 
| 263|0x0000000090700000, 0x0000000090700000, 0x0000000090800000|  0%| F|  |TAMS 0x0000000090700000, 0x0000000090700000| Untracked 
| 264|0x0000000090800000, 0x0000000090800000, 0x0000000090900000|  0%| F|  |TAMS 0x0000000090800000, 0x0000000090800000| Untracked 
| 265|0x0000000090900000, 0x0000000090900000, 0x0000000090a00000|  0%| F|  |TAMS 0x0000000090900000, 0x0000000090900000| Untracked 
| 266|0x0000000090a00000, 0x0000000090b00000, 0x0000000090b00000|100%| S|CS|TAMS 0x0000000090a00000, 0x0000000090a00000| Complete 
| 267|0x0000000090b00000, 0x0000000090c00000, 0x0000000090c00000|100%| S|CS|TAMS 0x0000000090b00000, 0x0000000090b00000| Complete 
| 268|0x0000000090c00000, 0x0000000090d00000, 0x0000000090d00000|100%| S|CS|TAMS 0x0000000090c00000, 0x0000000090c00000| Complete 
| 269|0x0000000090d00000, 0x0000000090d00000, 0x0000000090e00000|  0%| F|  |TAMS 0x0000000090d00000, 0x0000000090d00000| Untracked 
| 270|0x0000000090e00000, 0x0000000090e00000, 0x0000000090f00000|  0%| F|  |TAMS 0x0000000090e00000, 0x0000000090e00000| Untracked 
| 271|0x0000000090f00000, 0x0000000090f00000, 0x0000000091000000|  0%| F|  |TAMS 0x0000000090f00000, 0x0000000090f00000| Untracked 
| 272|0x0000000091000000, 0x0000000091000000, 0x0000000091100000|  0%| F|  |TAMS 0x0000000091000000, 0x0000000091000000| Untracked 
| 273|0x0000000091100000, 0x0000000091100000, 0x0000000091200000|  0%| F|  |TAMS 0x0000000091100000, 0x0000000091100000| Untracked 
| 274|0x0000000091200000, 0x0000000091200000, 0x0000000091300000|  0%| F|  |TAMS 0x0000000091200000, 0x0000000091200000| Untracked 
| 275|0x0000000091300000, 0x0000000091300000, 0x0000000091400000|  0%| F|  |TAMS 0x0000000091300000, 0x0000000091300000| Untracked 
| 276|0x0000000091400000, 0x0000000091400000, 0x0000000091500000|  0%| F|  |TAMS 0x0000000091400000, 0x0000000091400000| Untracked 
| 277|0x0000000091500000, 0x0000000091500000, 0x0000000091600000|  0%| F|  |TAMS 0x0000000091500000, 0x0000000091500000| Untracked 
| 278|0x0000000091600000, 0x0000000091600000, 0x0000000091700000|  0%| F|  |TAMS 0x0000000091600000, 0x0000000091600000| Untracked 
| 279|0x0000000091700000, 0x0000000091700000, 0x0000000091800000|  0%| F|  |TAMS 0x0000000091700000, 0x0000000091700000| Untracked 
| 280|0x0000000091800000, 0x0000000091800000, 0x0000000091900000|  0%| F|  |TAMS 0x0000000091800000, 0x0000000091800000| Untracked 
| 281|0x0000000091900000, 0x0000000091900000, 0x0000000091a00000|  0%| F|  |TAMS 0x0000000091900000, 0x0000000091900000| Untracked 
| 282|0x0000000091a00000, 0x0000000091a00000, 0x0000000091b00000|  0%| F|  |TAMS 0x0000000091a00000, 0x0000000091a00000| Untracked 
| 283|0x0000000091b00000, 0x0000000091b00000, 0x0000000091c00000|  0%| F|  |TAMS 0x0000000091b00000, 0x0000000091b00000| Untracked 
| 284|0x0000000091c00000, 0x0000000091c00000, 0x0000000091d00000|  0%| F|  |TAMS 0x0000000091c00000, 0x0000000091c00000| Untracked 
| 285|0x0000000091d00000, 0x0000000091d00000, 0x0000000091e00000|  0%| F|  |TAMS 0x0000000091d00000, 0x0000000091d00000| Untracked 
| 286|0x0000000091e00000, 0x0000000091e00000, 0x0000000091f00000|  0%| F|  |TAMS 0x0000000091e00000, 0x0000000091e00000| Untracked 
| 287|0x0000000091f00000, 0x0000000091f00000, 0x0000000092000000|  0%| F|  |TAMS 0x0000000091f00000, 0x0000000091f00000| Untracked 
| 288|0x0000000092000000, 0x0000000092000000, 0x0000000092100000|  0%| F|  |TAMS 0x0000000092000000, 0x0000000092000000| Untracked 
| 289|0x0000000092100000, 0x0000000092100000, 0x0000000092200000|  0%| F|  |TAMS 0x0000000092100000, 0x0000000092100000| Untracked 
| 290|0x0000000092200000, 0x0000000092200000, 0x0000000092300000|  0%| F|  |TAMS 0x0000000092200000, 0x0000000092200000| Untracked 

Card table byte_map: [0x0000022bba450000,0x0000022bba850000] _byte_map_base: 0x0000022bba050000

Marking Bits (Prev, Next): (CMBitMap*) 0x0000022ba77143e8, (CMBitMap*) 0x0000022ba7714420
 Prev Bits: [0x0000022bbac50000, 0x0000022bbcc50000)
 Next Bits: [0x0000022bbcc50000, 0x0000022bbec50000)

Polling page: 0x0000022ba54f0000

Metaspace:

Usage:
  Non-class:    133.20 MB capacity,   130.24 MB ( 98%) used,     2.50 MB (  2%) free+waste,   480.13 KB ( <1%) overhead. 
      Class:     19.86 MB capacity,    18.29 MB ( 92%) used,     1.36 MB (  7%) free+waste,   216.25 KB (  1%) overhead. 
       Both:    153.07 MB capacity,   148.52 MB ( 97%) used,     3.86 MB (  3%) free+waste,   696.38 KB ( <1%) overhead. 

Virtual space:
  Non-class space:      134.00 MB reserved,     133.45 MB (>99%) committed 
      Class space:        1.00 GB reserved,      19.95 MB (  2%) committed 
             Both:        1.13 GB reserved,     153.40 MB ( 13%) committed 

Chunk freelists:
   Non-Class:  64.00 KB
       Class:  11.00 KB
        Both:  75.00 KB

MaxMetaspaceSize: 17179869184.00 GB
CompressedClassSpaceSize: 1.00 GB

CodeHeap 'non-profiled nmethods': size=120064Kb used=15752Kb max_used=16894Kb free=104311Kb
 bounds [0x0000022bb2b10000, 0x0000022bb3b90000, 0x0000022bba050000]
CodeHeap 'profiled nmethods': size=120000Kb used=43560Kb max_used=44753Kb free=76439Kb
 bounds [0x0000022bab5e0000, 0x0000022bae1d0000, 0x0000022bb2b10000]
CodeHeap 'non-nmethods': size=5696Kb used=2481Kb max_used=2532Kb free=3214Kb
 bounds [0x0000022bab050000, 0x0000022bab2e0000, 0x0000022bab5e0000]
 total_blobs=22059 nmethods=20895 adapters=1074
 compilation: enabled
              stopped_count=0, restarted_count=0
 full_count=0

Compilation events (20 events):
Event: 1387.780 Thread 0x0000022bc115c800 25308       2       com.android.tools.r8.graph.l0::a (10 bytes)
Event: 1387.780 Thread 0x0000022bc115c800 nmethod 25308 0x0000022babddfc90 code [0x0000022babddfe40, 0x0000022babddff88]
Event: 1387.780 Thread 0x0000022bc115c800 25309       2       com.android.tools.r8.graph.l0::a (52 bytes)
Event: 1387.781 Thread 0x0000022bc115c800 nmethod 25309 0x0000022babddf590 code [0x0000022babddf7a0, 0x0000022babddfa48]
Event: 1387.787 Thread 0x0000022bc115c800 25311       3       com.android.tools.r8.graph.o0::a (141 bytes)
Event: 1387.789 Thread 0x0000022bc115c800 nmethod 25311 0x0000022babdde410 code [0x0000022babdde6a0, 0x0000022babddf148]
Event: 1387.830 Thread 0x0000022bc1152800 nmethod 25269 0x0000022bb2f14090 code [0x0000022bb2f142a0, 0x0000022bb2f151a8]
Event: 1387.831 Thread 0x0000022bc1152800 25312 %     4       java.util.TimSort::mergeLo @ 153 (659 bytes)
Event: 1387.875 Thread 0x0000022bc1152800 nmethod 25312% 0x0000022bb2f5fe10 code [0x0000022bb2f60020, 0x0000022bb2f613b8]
Event: 1387.875 Thread 0x0000022bc1152800 25313 %     4       java.util.TimSort::mergeHi @ 191 (732 bytes)
Event: 1387.930 Thread 0x0000022bc1152800 nmethod 25313% 0x0000022bb2fd4a10 code [0x0000022bb2fd4c20, 0x0000022bb2fd65f8]
Event: 1387.930 Thread 0x0000022bc1152800 25314       4       java.util.TimSort::mergeLo (659 bytes)
Event: 1387.932 Thread 0x0000022bc115c800 25316 %     3       com.android.tools.r8.w.a.a.a.h.V0::a @ 75 (272 bytes)
Event: 1387.934 Thread 0x0000022bc115c800 nmethod 25316% 0x0000022babf6a210 code [0x0000022babf6a480, 0x0000022babf6ae48]
Event: 1387.934 Thread 0x0000022bc115c800 25317       3       com.android.tools.r8.w.a.a.a.h.V0::a (272 bytes)
Event: 1387.935 Thread 0x0000022bc115c800 nmethod 25317 0x0000022babf69310 code [0x0000022babf69580, 0x0000022babf69e48]
Event: 1387.938 Thread 0x0000022bc115c800 25319       3       com.android.tools.r8.graph.f0::a (10 bytes)
Event: 1387.939 Thread 0x0000022bc115c800 nmethod 25319 0x0000022babdddf90 code [0x0000022babdde160, 0x0000022babdde368]
Event: 1387.939 Thread 0x0000022bc115c800 25320       3       com.android.tools.r8.graph.f0::a (52 bytes)
Event: 1387.940 Thread 0x0000022bc115c800 nmethod 25320 0x0000022babf68490 code [0x0000022babf68700, 0x0000022babf68fc8]

GC Heap History (20 events):
Event: 1381.025 GC heap after
{Heap after GC invocations=291 (full 0):
 garbage-first heap   total 196608K, used 187237K [0x0000000080000000, 0x0000000100000000)
  region size 1024K, 2 young (2048K), 2 survivors (2048K)
 Metaspace       used 150223K, capacity 154791K, committed 155036K, reserved 1183744K
  class space    used 18522K, capacity 20090K, committed 20172K, reserved 1048576K
}
Event: 1381.087 GC heap before
{Heap before GC invocations=291 (full 0):
 garbage-first heap   total 196608K, used 194405K [0x0000000080000000, 0x0000000100000000)
  region size 1024K, 9 young (9216K), 2 survivors (2048K)
 Metaspace       used 150232K, capacity 154791K, committed 155036K, reserved 1183744K
  class space    used 18522K, capacity 20090K, committed 20172K, reserved 1048576K
}
Event: 1381.099 GC heap after
{Heap after GC invocations=292 (full 0):
 garbage-first heap   total 201728K, used 191691K [0x0000000080000000, 0x0000000100000000)
  region size 1024K, 2 young (2048K), 2 survivors (2048K)
 Metaspace       used 150232K, capacity 154791K, committed 155036K, reserved 1183744K
  class space    used 18522K, capacity 20090K, committed 20172K, reserved 1048576K
}
Event: 1381.156 GC heap before
{Heap before GC invocations=292 (full 0):
 garbage-first heap   total 201728K, used 198859K [0x0000000080000000, 0x0000000100000000)
  region size 1024K, 9 young (9216K), 2 survivors (2048K)
 Metaspace       used 150243K, capacity 154794K, committed 155036K, reserved 1183744K
  class space    used 18522K, capacity 20090K, committed 20172K, reserved 1048576K
}
Event: 1381.171 GC heap after
{Heap after GC invocations=293 (full 0):
 garbage-first heap   total 247808K, used 196180K [0x0000000080000000, 0x0000000100000000)
  region size 1024K, 2 young (2048K), 2 survivors (2048K)
 Metaspace       used 150243K, capacity 154794K, committed 155036K, reserved 1183744K
  class space    used 18522K, capacity 20090K, committed 20172K, reserved 1048576K
}
Event: 1381.483 GC heap before
{Heap before GC invocations=293 (full 0):
 garbage-first heap   total 247808K, used 206420K [0x0000000080000000, 0x0000000100000000)
  region size 1024K, 12 young (12288K), 2 survivors (2048K)
 Metaspace       used 150278K, capacity 154858K, committed 155036K, reserved 1183744K
  class space    used 18522K, capacity 20090K, committed 20172K, reserved 1048576K
}
Event: 1381.499 GC heap after
{Heap after GC invocations=294 (full 0):
 garbage-first heap   total 247808K, used 202327K [0x0000000080000000, 0x0000000100000000)
  region size 1024K, 2 young (2048K), 2 survivors (2048K)
 Metaspace       used 150278K, capacity 154858K, committed 155036K, reserved 1183744K
  class space    used 18522K, capacity 20090K, committed 20172K, reserved 1048576K
}
Event: 1381.624 GC heap before
{Heap before GC invocations=294 (full 0):
 garbage-first heap   total 247808K, used 212567K [0x0000000080000000, 0x0000000100000000)
  region size 1024K, 12 young (12288K), 2 survivors (2048K)
 Metaspace       used 150279K, capacity 154858K, committed 155036K, reserved 1183744K
  class space    used 18522K, capacity 20090K, committed 20172K, reserved 1048576K
}
Event: 1381.639 GC heap after
{Heap after GC invocations=295 (full 0):
 garbage-first heap   total 247808K, used 208398K [0x0000000080000000, 0x0000000100000000)
  region size 1024K, 2 young (2048K), 2 survivors (2048K)
 Metaspace       used 150279K, capacity 154858K, committed 155036K, reserved 1183744K
  class space    used 18522K, capacity 20090K, committed 20172K, reserved 1048576K
}
Event: 1381.761 GC heap before
{Heap before GC invocations=295 (full 0):
 garbage-first heap   total 247808K, used 218638K [0x0000000080000000, 0x0000000100000000)
  region size 1024K, 12 young (12288K), 2 survivors (2048K)
 Metaspace       used 150280K, capacity 154858K, committed 155036K, reserved 1183744K
  class space    used 18522K, capacity 20090K, committed 20172K, reserved 1048576K
}
Event: 1381.778 GC heap after
{Heap after GC invocations=296 (full 0):
 garbage-first heap   total 247808K, used 214830K [0x0000000080000000, 0x0000000100000000)
  region size 1024K, 2 young (2048K), 2 survivors (2048K)
 Metaspace       used 150280K, capacity 154858K, committed 155036K, reserved 1183744K
  class space    used 18522K, capacity 20090K, committed 20172K, reserved 1048576K
}
Event: 1383.247 GC heap before
{Heap before GC invocations=297 (full 0):
 garbage-first heap   total 247808K, used 225070K [0x0000000080000000, 0x0000000100000000)
  region size 1024K, 12 young (12288K), 2 survivors (2048K)
 Metaspace       used 150688K, capacity 155284K, committed 155420K, reserved 1183744K
  class space    used 18575K, capacity 20166K, committed 20300K, reserved 1048576K
}
Event: 1383.296 GC heap after
{Heap after GC invocations=298 (full 0):
 garbage-first heap   total 297984K, used 219136K [0x0000000080000000, 0x0000000100000000)
  region size 1024K, 2 young (2048K), 2 survivors (2048K)
 Metaspace       used 150688K, capacity 155284K, committed 155420K, reserved 1183744K
  class space    used 18575K, capacity 20166K, committed 20300K, reserved 1048576K
}
Event: 1385.329 GC heap before
{Heap before GC invocations=298 (full 0):
 garbage-first heap   total 297984K, used 235520K [0x0000000080000000, 0x0000000100000000)
  region size 1024K, 19 young (19456K), 2 survivors (2048K)
 Metaspace       used 151564K, capacity 156209K, committed 156572K, reserved 1185792K
  class space    used 18688K, capacity 20302K, committed 20428K, reserved 1048576K
}
Event: 1385.361 GC heap after
{Heap after GC invocations=299 (full 0):
 garbage-first heap   total 297984K, used 223232K [0x0000000080000000, 0x0000000100000000)
  region size 1024K, 3 young (3072K), 3 survivors (3072K)
 Metaspace       used 151564K, capacity 156209K, committed 156572K, reserved 1185792K
  class space    used 18688K, capacity 20302K, committed 20428K, reserved 1048576K
}
Event: 1385.838 GC heap before
{Heap before GC invocations=299 (full 0):
 garbage-first heap   total 297984K, used 240640K [0x0000000080000000, 0x0000000100000000)
  region size 1024K, 20 young (20480K), 3 survivors (3072K)
 Metaspace       used 151889K, capacity 156535K, committed 156828K, reserved 1185792K
  class space    used 18718K, capacity 20320K, committed 20428K, reserved 1048576K
}
Event: 1385.995 GC heap after
{Heap after GC invocations=300 (full 0):
 garbage-first heap   total 297984K, used 225858K [0x0000000080000000, 0x0000000100000000)
  region size 1024K, 3 young (3072K), 3 survivors (3072K)
 Metaspace       used 151889K, capacity 156535K, committed 156828K, reserved 1185792K
  class space    used 18718K, capacity 20320K, committed 20428K, reserved 1048576K
}
Event: 1387.334 GC heap before
{Heap before GC invocations=300 (full 0):
 garbage-first heap   total 297984K, used 236098K [0x0000000080000000, 0x0000000100000000)
  region size 1024K, 20 young (20480K), 3 survivors (3072K)
 Metaspace       used 151865K, capacity 156466K, committed 156828K, reserved 1185792K
  class space    used 18705K, capacity 20295K, committed 20428K, reserved 1048576K
}
Event: 1387.362 GC heap after
{Heap after GC invocations=301 (full 0):
 garbage-first heap   total 297984K, used 222074K [0x0000000080000000, 0x0000000100000000)
  region size 1024K, 3 young (3072K), 3 survivors (3072K)
 Metaspace       used 151865K, capacity 156466K, committed 156828K, reserved 1185792K
  class space    used 18705K, capacity 20295K, committed 20428K, reserved 1048576K
}
Event: 1387.981 GC heap before
{Heap before GC invocations=302 (full 0):
 garbage-first heap   total 297984K, used 245626K [0x0000000080000000, 0x0000000100000000)
  region size 1024K, 22 young (22528K), 3 survivors (3072K)
 Metaspace       used 152089K, capacity 156741K, committed 157084K, reserved 1185792K
  class space    used 18727K, capacity 20341K, committed 20428K, reserved 1048576K
}

Deoptimization events (20 events):
Event: 1387.960 Thread 0x0000022bcc7c8800 DEOPT PACKING pc=0x0000022bad800ac8 sp=0x000000db9e9fe7a0
Event: 1387.960 Thread 0x0000022bcc7c8800 DEOPT UNPACKING pc=0x0000022bab07724e sp=0x000000db9e9fdc88 mode 0
Event: 1387.964 Thread 0x0000022bcc7c8800 DEOPT PACKING pc=0x0000022bad800ac8 sp=0x000000db9e9fe7a0
Event: 1387.964 Thread 0x0000022bcc7c8800 DEOPT UNPACKING pc=0x0000022bab07724e sp=0x000000db9e9fdc88 mode 0
Event: 1387.966 Thread 0x0000022bcc7c8800 DEOPT PACKING pc=0x0000022bad833161 sp=0x000000db9e9fe790
Event: 1387.966 Thread 0x0000022bcc7c8800 DEOPT UNPACKING pc=0x0000022bab07724e sp=0x000000db9e9fdc80 mode 0
Event: 1387.967 Thread 0x0000022bcc7c8800 DEOPT PACKING pc=0x0000022bad800ac8 sp=0x000000db9e9fe7a0
Event: 1387.967 Thread 0x0000022bcc7c8800 DEOPT UNPACKING pc=0x0000022bab07724e sp=0x000000db9e9fdc88 mode 0
Event: 1387.969 Thread 0x0000022bcc7c8800 DEOPT PACKING pc=0x0000022bad833161 sp=0x000000db9e9fe790
Event: 1387.969 Thread 0x0000022bcc7c8800 DEOPT UNPACKING pc=0x0000022bab07724e sp=0x000000db9e9fdc80 mode 0
Event: 1387.970 Thread 0x0000022bcc7c8800 DEOPT PACKING pc=0x0000022bad800ac8 sp=0x000000db9e9fe7a0
Event: 1387.970 Thread 0x0000022bcc7c8800 DEOPT UNPACKING pc=0x0000022bab07724e sp=0x000000db9e9fdc88 mode 0
Event: 1387.972 Thread 0x0000022bcc7c8800 DEOPT PACKING pc=0x0000022bad800ac8 sp=0x000000db9e9fe7a0
Event: 1387.972 Thread 0x0000022bcc7c8800 DEOPT UNPACKING pc=0x0000022bab07724e sp=0x000000db9e9fdc88 mode 0
Event: 1387.974 Thread 0x0000022bcc7c8800 DEOPT PACKING pc=0x0000022bad833161 sp=0x000000db9e9fe790
Event: 1387.974 Thread 0x0000022bcc7c8800 DEOPT UNPACKING pc=0x0000022bab07724e sp=0x000000db9e9fdc80 mode 0
Event: 1387.975 Thread 0x0000022bcc7c8800 DEOPT PACKING pc=0x0000022bad833161 sp=0x000000db9e9fe790
Event: 1387.975 Thread 0x0000022bcc7c8800 DEOPT UNPACKING pc=0x0000022bab07724e sp=0x000000db9e9fdc80 mode 0
Event: 1387.978 Thread 0x0000022bcc7c8800 DEOPT PACKING pc=0x0000022bad833161 sp=0x000000db9e9fe790
Event: 1387.978 Thread 0x0000022bcc7c8800 DEOPT UNPACKING pc=0x0000022bab07724e sp=0x000000db9e9fdc80 mode 0

Classes redefined (0 events):
No events

Internal exceptions (20 events):
Event: 1368.922 Thread 0x0000022bca8c6800 Exception <a 'java/lang/NoSuchMethodError'{0x000000008b7298b0}: <clinit>> (0x000000008b7298b0) thrown at [./src/hotspot/share/prims/jni.cpp, line 1362]
Event: 1368.922 Thread 0x0000022bca8c6800 Exception <a 'java/lang/NoSuchMethodError'{0x000000008b72abd0}: <clinit>> (0x000000008b72abd0) thrown at [./src/hotspot/share/prims/jni.cpp, line 1362]
Event: 1368.922 Thread 0x0000022bca8c6800 Exception <a 'java/lang/NoSuchMethodError'{0x000000008b72d2d8}: <clinit>> (0x000000008b72d2d8) thrown at [./src/hotspot/share/prims/jni.cpp, line 1362]
Event: 1368.923 Thread 0x0000022bca8c6800 Exception <a 'java/lang/NoSuchMethodError'{0x000000008b7445a8}: <clinit>> (0x000000008b7445a8) thrown at [./src/hotspot/share/prims/jni.cpp, line 1362]
Event: 1368.923 Thread 0x0000022bca8c6800 Exception <a 'java/lang/NoSuchMethodError'{0x000000008b7457e0}: <clinit>> (0x000000008b7457e0) thrown at [./src/hotspot/share/prims/jni.cpp, line 1362]
Event: 1374.966 Thread 0x0000022bc9ea7800 Exception <a 'sun/nio/fs/WindowsException'{0x000000008aaeff10}> (0x000000008aaeff10) thrown at [./src/hotspot/share/prims/jni.cpp, line 615]
Event: 1376.853 Thread 0x0000022bca8c6800 Exception <a 'sun/nio/fs/WindowsException'{0x000000008b640f80}> (0x000000008b640f80) thrown at [./src/hotspot/share/prims/jni.cpp, line 615]
Event: 1376.854 Thread 0x0000022bca8c6800 Exception <a 'sun/nio/fs/WindowsException'{0x000000008b641db8}> (0x000000008b641db8) thrown at [./src/hotspot/share/prims/jni.cpp, line 615]
Event: 1376.864 Thread 0x0000022bca8c6800 Exception <a 'sun/nio/fs/WindowsException'{0x000000008b642190}> (0x000000008b642190) thrown at [./src/hotspot/share/prims/jni.cpp, line 615]
Event: 1376.865 Thread 0x0000022bca8c6800 Exception <a 'sun/nio/fs/WindowsException'{0x000000008b642d80}> (0x000000008b642d80) thrown at [./src/hotspot/share/prims/jni.cpp, line 615]
Event: 1376.867 Thread 0x0000022bca8c6800 Exception <a 'sun/nio/fs/WindowsException'{0x000000008b6d74d0}> (0x000000008b6d74d0) thrown at [./src/hotspot/share/prims/jni.cpp, line 615]
Event: 1376.868 Thread 0x0000022bca8c6800 Exception <a 'sun/nio/fs/WindowsException'{0x000000008b6d8090}> (0x000000008b6d8090) thrown at [./src/hotspot/share/prims/jni.cpp, line 615]
Event: 1377.010 Thread 0x0000022bca8c6800 Exception <a 'java/lang/NoSuchMethodError'{0x000000008b772a40}: <clinit>> (0x000000008b772a40) thrown at [./src/hotspot/share/prims/jni.cpp, line 1362]
Event: 1379.809 Thread 0x0000022bcc7c8800 Exception <a 'java/lang/NoSuchMethodError'{0x000000008b68f1b0}: 'java.lang.Object java.lang.invoke.DirectMethodHandle$Holder.newInvokeSpecial(java.lang.Object, int)'> (0x000000008b68f1b0) thrown at [./src/hotspot/share/interpreter/linkResolver.cpp, line 773]
Event: 1382.502 Thread 0x0000022bc9ea7800 Exception <a 'java/lang/IncompatibleClassChangeError'{0x000000008ea3f8d0}: Found class java.lang.Object, but interface was expected> (0x000000008ea3f8d0) thrown at [./src/hotspot/share/interpreter/linkResolver.cpp, line 839]
Event: 1384.390 Thread 0x0000022bc9ea7800 Exception <a 'java/lang/NoSuchMethodError'{0x0000000091faa9d8}: 'long java.lang.invoke.DirectMethodHandle$Holder.invokeStatic(java.lang.Object, java.lang.Object)'> (0x0000000091faa9d8) thrown at [./src/hotspot/share/interpreter/linkResolver.cpp, line 773]
Event: 1384.544 Thread 0x0000022bcc7c8800 Exception <a 'java/lang/NoSuchMethodError'{0x0000000091e49728}: 'void java.lang.invoke.DirectMethodHandle$Holder.invokeSpecial(java.lang.Object, java.lang.Object, int, java.lang.Object)'> (0x0000000091e49728) thrown at [./src/hotspot/share/interpreter/linkResolver.cpp, line 773]
Event: 1384.544 Thread 0x0000022bcc7c2000 Exception <a 'java/lang/NoSuchMethodError'{0x0000000091e86208}: 'void java.lang.invoke.DirectMethodHandle$Holder.invokeSpecial(java.lang.Object, java.lang.Object, int, java.lang.Object)'> (0x0000000091e86208) thrown at [./src/hotspot/share/interpreter/linkResolver.cpp, line 773]
Event: 1385.029 Thread 0x0000022bc9ea7800 Exception <a 'java/lang/NoSuchMethodError'{0x000000009145ff48}: 'java.lang.Object java.lang.invoke.DirectMethodHandle$Holder.invokeSpecial(java.lang.Object, java.lang.Object, java.lang.Object, java.lang.Object, java.lang.Object, java.lang.Object, java.lang.Object, java.lang.Object, java.lang.Object, java.lang.Object)'> (0x000000009145ff48) thrown at [./src/hotspot/share/interpreter/linkResolver.cpp, line 773]
Event: 1385.029 Thread 0x0000022bc9ea7800 Exception <a 'java/lang/NoSuchMethodError'{0x0000000091464038}: 'java.lang.Object java.lang.invoke.Invokers$Holder.linkToTargetMethod(java.lang.Object, java.lang.Object, java.lang.Object, java.lang.Object, java.lang.Object, java.lang.Object, java.lang.Object, java.lang.Object, java.lang.Object)'> (0x0000000091464038) thrown at [./src/hotspot/share/interpreter/linkResolver.cpp, line 773]

Events (20 events):
Event: 1387.736 loading class com/android/tools/r8/graph/o0 done
Event: 1387.736 loading class com/android/tools/r8/graph/C1
Event: 1387.736 loading class com/android/tools/r8/graph/C1 done
Event: 1387.757 loading class com/android/tools/r8/w/a/a/a/h/u1
Event: 1387.757 loading class com/android/tools/r8/w/a/a/a/h/u1 done
Event: 1387.758 loading class com/android/tools/r8/w/a/a/a/h/a1
Event: 1387.758 loading class com/android/tools/r8/w/a/a/a/h/a1 done
Event: 1387.762 loading class com/android/tools/r8/graph/r0
Event: 1387.762 loading class com/android/tools/r8/graph/r0 done
Event: 1387.762 loading class com/android/tools/r8/graph/C1
Event: 1387.762 loading class com/android/tools/r8/graph/C1 done
Event: 1387.773 loading class com/android/tools/r8/graph/l0
Event: 1387.773 loading class com/android/tools/r8/graph/l0 done
Event: 1387.773 loading class com/android/tools/r8/graph/C1
Event: 1387.773 loading class com/android/tools/r8/graph/C1 done
Event: 1387.936 loading class com/android/tools/r8/graph/f0
Event: 1387.936 loading class com/android/tools/r8/graph/f0 done
Event: 1387.937 loading class com/android/tools/r8/graph/C1
Event: 1387.937 loading class com/android/tools/r8/graph/C1 done
Event: 1387.981 Executing VM operation: G1CollectForAllocation


Dynamic libraries:
0x00007ff622660000 - 0x00007ff62266a000 	C:\Program Files\Android\Android Studio\jre\bin\java.exe
0x00007fffdb950000 - 0x00007fffdbb45000 	C:\WINDOWS\SYSTEM32\ntdll.dll
0x00007fffbd330000 - 0x00007fffbd345000 	C:\Program Files (x86)\AVG\Antivirus\aswhook.dll
0x00007fffd9da0000 - 0x00007fffd9e5d000 	C:\WINDOWS\System32\KERNEL32.DLL
0x00007fffd9280000 - 0x00007fffd9549000 	C:\WINDOWS\System32\KERNELBASE.dll
0x00007fffd9130000 - 0x00007fffd9230000 	C:\WINDOWS\System32\ucrtbase.dll
0x00007fffcdb90000 - 0x00007fffcdba7000 	C:\Program Files\Android\Android Studio\jre\bin\VCRUNTIME140.dll
0x00007fffb9a20000 - 0x00007fffb9a39000 	C:\Program Files\Android\Android Studio\jre\bin\jli.dll
0x00007fffd9e60000 - 0x00007fffda000000 	C:\WINDOWS\System32\USER32.dll
0x00007fffd9550000 - 0x00007fffd9572000 	C:\WINDOWS\System32\win32u.dll
0x00007fffd9ae0000 - 0x00007fffd9b0a000 	C:\WINDOWS\System32\GDI32.dll
0x00007fffd9840000 - 0x00007fffd994b000 	C:\WINDOWS\System32\gdi32full.dll
0x00007fffd9640000 - 0x00007fffd96dd000 	C:\WINDOWS\System32\msvcp_win.dll
0x00007fffccb80000 - 0x00007fffcce1a000 	C:\WINDOWS\WinSxS\amd64_microsoft.windows.common-controls_6595b64144ccf1df_6.0.19041.1110_none_60b5254171f9507e\COMCTL32.dll
0x00007fffd9d00000 - 0x00007fffd9d9e000 	C:\WINDOWS\System32\msvcrt.dll
0x00007fffda1e0000 - 0x00007fffda210000 	C:\WINDOWS\System32\IMM32.DLL
0x00007fffac970000 - 0x00007fffaca0d000 	C:\Program Files\Android\Android Studio\jre\bin\msvcp140.dll
0x00007fff9aba0000 - 0x00007fff9b65c000 	C:\Program Files\Android\Android Studio\jre\bin\server\jvm.dll
0x00007fffdaa40000 - 0x00007fffdaaec000 	C:\WINDOWS\System32\ADVAPI32.dll
0x00007fffd9c60000 - 0x00007fffd9cfb000 	C:\WINDOWS\System32\sechost.dll
0x00007fffd99b0000 - 0x00007fffd9ada000 	C:\WINDOWS\System32\RPCRT4.dll
0x00007fffdb000000 - 0x00007fffdb008000 	C:\WINDOWS\System32\PSAPI.DLL
0x00007fffd3dc0000 - 0x00007fffd3dc9000 	C:\WINDOWS\SYSTEM32\WSOCK32.dll
0x00007fffcfcd0000 - 0x00007fffcfcda000 	C:\WINDOWS\SYSTEM32\VERSION.dll
0x00007fffda270000 - 0x00007fffda2db000 	C:\WINDOWS\System32\WS2_32.dll
0x00007fffcfc30000 - 0x00007fffcfc57000 	C:\WINDOWS\SYSTEM32\WINMM.dll
0x00007fffd7960000 - 0x00007fffd7972000 	C:\WINDOWS\SYSTEM32\kernel.appcore.dll
0x00007fffcdb70000 - 0x00007fffcdb81000 	C:\Program Files\Android\Android Studio\jre\bin\verify.dll
0x00007fffcf970000 - 0x00007fffcfb54000 	C:\WINDOWS\SYSTEM32\DBGHELP.DLL
0x00007fffcf640000 - 0x00007fffcf66c000 	C:\WINDOWS\SYSTEM32\dbgcore.DLL
0x00007fffd95b0000 - 0x00007fffd9633000 	C:\WINDOWS\System32\bcryptPrimitives.dll
0x00007fffc7b80000 - 0x00007fffc7ba9000 	C:\Program Files\Android\Android Studio\jre\bin\java.dll
0x00007fffcdb60000 - 0x00007fffcdb6b000 	C:\Program Files\Android\Android Studio\jre\bin\jimage.dll
0x00007fffc4730000 - 0x00007fffc4748000 	C:\Program Files\Android\Android Studio\jre\bin\zip.dll
0x00007fffda300000 - 0x00007fffdaa3f000 	C:\WINDOWS\System32\SHELL32.dll
0x00007fffd7000000 - 0x00007fffd7790000 	C:\WINDOWS\SYSTEM32\windows.storage.dll
0x00007fffdb550000 - 0x00007fffdb8a5000 	C:\WINDOWS\System32\combase.dll
0x00007fffd8a10000 - 0x00007fffd8a3c000 	C:\WINDOWS\SYSTEM32\Wldp.dll
0x00007fffda130000 - 0x00007fffda1de000 	C:\WINDOWS\System32\SHCORE.dll
0x00007fffdb8b0000 - 0x00007fffdb905000 	C:\WINDOWS\System32\shlwapi.dll
0x00007fffd8fc0000 - 0x00007fffd8fdf000 	C:\WINDOWS\SYSTEM32\profapi.dll
0x00007fffc4590000 - 0x00007fffc45aa000 	C:\Program Files\Android\Android Studio\jre\bin\net.dll
0x00007fffd1200000 - 0x00007fffd1308000 	C:\WINDOWS\SYSTEM32\WINHTTP.dll
0x00007fffd8770000 - 0x00007fffd87da000 	C:\WINDOWS\system32\mswsock.dll
0x00007fffbfbb0000 - 0x00007fffbfbc4000 	C:\Program Files\Android\Android Studio\jre\bin\nio.dll
0x00007fffbbd90000 - 0x00007fffbbdb6000 	C:\Users\Alex\.gradle\native\fdc75f09e3144964f2cf3f50f0aa648679c211496f362492102eb8c894070792\windows-amd64\native-platform.dll
0x00007fff9cc70000 - 0x00007fff9ce01000 	C:\Users\Alex\.gradle\native\12488b8bf47d2d4c9fbf2f6322a914ad602e24e48041cd04a747c6da556b65c4\windows-amd64\native-platform-file-events.dll
0x00007fffcda60000 - 0x00007fffcda6a000 	C:\Program Files\Android\Android Studio\jre\bin\management.dll
0x00007fffcda30000 - 0x00007fffcda3c000 	C:\Program Files\Android\Android Studio\jre\bin\management_ext.dll
0x00007fffd8970000 - 0x00007fffd8988000 	C:\WINDOWS\SYSTEM32\CRYPTSP.dll
0x00007fffd80f0000 - 0x00007fffd8124000 	C:\WINDOWS\system32\rsaenh.dll
0x00007fffd9580000 - 0x00007fffd95a7000 	C:\WINDOWS\System32\bcrypt.dll
0x00007fffd8f80000 - 0x00007fffd8fae000 	C:\WINDOWS\SYSTEM32\USERENV.dll
0x00007fffd8960000 - 0x00007fffd896c000 	C:\WINDOWS\SYSTEM32\CRYPTBASE.dll
0x00007fffd8460000 - 0x00007fffd849b000 	C:\WINDOWS\SYSTEM32\IPHLPAPI.DLL
0x00007fffd9c50000 - 0x00007fffd9c58000 	C:\WINDOWS\System32\NSI.dll
0x00007fffd1010000 - 0x00007fffd1027000 	C:\WINDOWS\SYSTEM32\dhcpcsvc6.DLL
0x00007fffd11e0000 - 0x00007fffd11fd000 	C:\WINDOWS\SYSTEM32\dhcpcsvc.DLL
0x00007fffd84a0000 - 0x00007fffd856c000 	C:\WINDOWS\SYSTEM32\DNSAPI.dll
0x00007fffd1c20000 - 0x00007fffd1c2b000 	C:\WINDOWS\SYSTEM32\WINNSI.DLL
0x00007fffbfd20000 - 0x00007fffbfd47000 	C:\Program Files\Android\Android Studio\jre\bin\sunec.dll
0x00007fffcef80000 - 0x00007fffcef8a000 	C:\Windows\System32\rasadhlp.dll
0x00007fffd21b0000 - 0x00007fffd222f000 	C:\WINDOWS\System32\fwpuclnt.dll
0x00007fffaca10000 - 0x00007fffacbb2000 	C:\Program Files\Android\Android Studio\jre\bin\awt.dll
0x00007fffda000000 - 0x00007fffda0cd000 	C:\WINDOWS\System32\OLEAUT32.dll
0x00007fffd6c00000 - 0x00007fffd6c2f000 	C:\WINDOWS\SYSTEM32\dwmapi.dll
0x00007fffd65c0000 - 0x00007fffd6650000 	C:\WINDOWS\SYSTEM32\apphelp.dll
0x00007fffd6860000 - 0x00007fffd68fe000 	C:\WINDOWS\system32\uxtheme.dll
0x00007fffd7d80000 - 0x00007fffd7db3000 	C:\WINDOWS\SYSTEM32\ntmarta.dll
0x00007fffc4230000 - 0x00007fffc424e000 	C:\Users\Alex\AppData\Local\Temp\native-platform7141465119973995240dir\native-platform.dll
0x00007fffc4280000 - 0x00007fffc4288000 	C:\Program Files\Android\Android Studio\jre\bin\rmi.dll

dbghelp: loaded successfully - version: 4.0.5 - missing functions: none
symbol engine: initialized successfully - sym options: 0x614 - pdb path: .;C:\Program Files\Android\Android Studio\jre\bin;C:\WINDOWS\SYSTEM32;C:\Program Files (x86)\AVG\Antivirus;C:\WINDOWS\WinSxS\amd64_microsoft.windows.common-controls_6595b64144ccf1df_6.0.19041.1110_none_60b5254171f9507e;C:\Program Files\Android\Android Studio\jre\bin\server;C:\Users\Alex\.gradle\native\fdc75f09e3144964f2cf3f50f0aa648679c211496f362492102eb8c894070792\windows-amd64;C:\Users\Alex\.gradle\native\12488b8bf47d2d4c9fbf2f6322a914ad602e24e48041cd04a747c6da556b65c4\windows-amd64;C:\Users\Alex\AppData\Local\Temp\native-platform7141465119973995240dir

VM Arguments:
jvm_args: --add-opens=java.base/java.util=ALL-UNNAMED --add-opens=java.base/java.lang=ALL-UNNAMED --add-opens=java.base/java.lang.invoke=ALL-UNNAMED --add-opens=java.prefs/java.util.prefs=ALL-UNNAMED -Xmx2048m -Dfile.encoding=UTF-8 -Duser.country=GB -Duser.language=en -Duser.variant 
java_command: org.gradle.launcher.daemon.bootstrap.GradleDaemon 6.7.1
java_class_path (initial): C:\Users\Alex\.gradle\wrapper\dists\gradle-6.7.1-bin\bwlcbys1h7rz3272sye1xwiv6\gradle-6.7.1\lib\gradle-launcher-6.7.1.jar
Launcher Type: SUN_STANDARD

[Global flags]
     intx CICompilerCount                          = 3                                         {product} {ergonomic}
     uint ConcGCThreads                            = 1                                         {product} {ergonomic}
     uint G1ConcRefinementThreads                  = 4                                         {product} {ergonomic}
   size_t G1HeapRegionSize                         = 1048576                                   {product} {ergonomic}
    uintx GCDrainStackTargetSize                   = 64                                        {product} {ergonomic}
   size_t InitialHeapSize                          = 134217728                                 {product} {ergonomic}
   size_t MarkStackSize                            = 4194304                                   {product} {ergonomic}
   size_t MaxHeapSize                              = 2147483648                                {product} {command line}
   size_t MaxNewSize                               = 1287651328                                {product} {ergonomic}
   size_t MinHeapDeltaBytes                        = 1048576                                   {product} {ergonomic}
    uintx NonNMethodCodeHeapSize                   = 5830732                                {pd product} {ergonomic}
    uintx NonProfiledCodeHeapSize                  = 122913754                              {pd product} {ergonomic}
    uintx ProfiledCodeHeapSize                     = 122913754                              {pd product} {ergonomic}
    uintx ReservedCodeCacheSize                    = 251658240                              {pd product} {ergonomic}
     bool SegmentedCodeCache                       = true                                      {product} {ergonomic}
     bool UseCompressedClassPointers               = true                                 {lp64_product} {ergonomic}
     bool UseCompressedOops                        = true                                 {lp64_product} {ergonomic}
     bool UseG1GC                                  = true                                      {product} {ergonomic}
     bool UseLargePagesIndividualAllocation        = false                                  {pd product} {ergonomic}

Logging:
Log output configuration:
 #0: stdout all=warning uptime,level,tags
 #1: stderr all=off uptime,level,tags

Environment Variables:
JAVA_HOME=C:\Program Files\Java\jdk1.8.0_144
CLASSPATH=.;C:\Program Files (x86)\Java\jre6\lib\ext\QTJava.zip
PATH=C:\ProgramData\Oracle\Java\javapath;C:\oraclexe\app\oracle\product\11.2.0\server\bin;C:\Program Files\Common Files\Microsoft Shared\Windows Live;C:\Program Files (x86)\Common Files\Microsoft Shared\Windows Live;C:\Program Files (x86)\NVIDIA Corporation\PhysX\Common;C:\WINDOWS\system32;C:\WINDOWS;C:\WINDOWS\System32\Wbem;C:\WINDOWS\System32\WindowsPowerShell\v1.0\;C:\Program Files (x86)\Sony\VAIO Startup Setting Tool;C:\Program Files (x86)\Windows Live\Shared;C:\Program Files (x86)\QuickTime\QTSystem\;C:\Program Files (x86)\Android\android-sdk\tools;C:\Program Files (x86)\Calibre2\;C:\Program Files\Microsoft\Web Platform Installer\;C:\Users\Alex\.dnx\bin;C:\Program Files\Microsoft DNX\Dnvm\;C:\Program Files (x86)\GtkSharp\2.12\bin;C:\Program Files (x86)\Skype\Phone\;C:\WINDOWS\System32\OpenSSH\;C:\WINDOWS\system32;C:\WINDOWS;C:\WINDOWS\System32\Wbem;C:\WINDOWS\System32\WindowsPowerShell\v1.0\;C:\WINDOWS\System32\OpenSSH\;C:\Program Files\Git\cmd;C:\Program Files\nodejs\;C:\Program Files\Java\jdk1.8.0_144\bin;C:\Program Files\Java\jdk1.8.0_144\bin;C:\Users\Alex\AppData\Local\Programs\Python\Python39\Scripts\;C:\Users\Alex\AppData\Local\Programs\Python\Python39\;C:\Program Files\Java\jdk1.8.0_144\bin;C:\Users\Alex\AppData\Local\Microsoft\WindowsApps;C:\Users\Alex\AppData\Roaming\npm;C:\Users\Alex\AppData\Local\Programs\Microsoft VS Code\bin;C:\Distrib\adt-bundle-windows-x86_64-20140702\sdk\platform-tools;
USERNAME=Alex
OS=Windows_NT
PROCESSOR_IDENTIFIER=Intel64 Family 6 Model 42 Stepping 7, GenuineIntel



---------------  S Y S T E M  ---------------

OS: Windows 10 , 64 bit Build 19041 (10.0.19041.1151)
OS uptime: 1 days 23:01 hours

CPU:total 4 (initial active 4) (2 cores per cpu, 2 threads per core) family 6 model 42 stepping 7, cmov, cx8, fxsr, mmx, sse, sse2, sse3, ssse3, sse4.1, sse4.2, popcnt, avx, aes, clmul, ht, tsc, tscinvbit

Memory: 4k page, system-wide physical 8173M (263M free)
TotalPageFile size 9603M (AvailPageFile size 174M)
current process WorkingSet (physical memory assigned to process): 522M, peak: 550M
current process commit charge ("private bytes"): 714M, peak: 1005M

vm_info: OpenJDK 64-Bit Server VM (11.0.8+10-b944.6842174) for windows-amd64 JRE (11.0.8+10-b944.6842174), built on Sep 19 2020 01:11:42 by "builder" with MS VC++ 14.0 (VS2015)

END.
